2024-12-17T00:04:30.2520078-03:00 0HN8U8LUUB3OK:00000017 [INF] Request starting HTTP/2 POST https://localhost:7070/api/BFA/SHA256ByBase64 application/json-patch+json 62 (ca22a1cb)
2024-12-17T00:04:30.4050060-03:00 0HN8U8LUUB3OK:00000017 [INF] Executing endpoint '"BFASenado.Controllers.BFAController.SHA256ByBase64 (BFASenado)"' (500cc934)
2024-12-17T00:04:30.4061296-03:00 0HN8U8LUUB3OK:00000017 [INF] Route matched with "{action = \"SHA256ByBase64\", controller = \"BFA\"}". Executing controller action with signature "Microsoft.AspNetCore.Mvc.ActionResult`1[System.String] SHA256ByBase64(BFASenado.DTO.RequestDTO.Base64InputRequestDTO)" on controller "BFASenado.Controllers.BFAController" ("BFASenado"). (122b2fdf)
2024-12-17T00:04:30.4113763-03:00 0HN8U8LUUB3OK:00000017 [INF] LogDTO { Fecha: 12/17/2024 00:04:30, Endpoint: "/api/BFA/SHA256ByBase64", MetodoHttp: "POST", DatosRecibidos: null, Mensaje: "Hash SHA256 obtenido correctamente", Detalles: null } (60b9aab8)
2024-12-17T00:04:30.4114816-03:00 0HN8U8LUUB3OK:00000017 [INF] Executing "OkObjectResult", writing value of type '"System.String"'. (605b4265)
2024-12-17T00:04:30.4116154-03:00 0HN8U8LUUB3OK:00000017 [INF] Executed action "BFASenado.Controllers.BFAController.SHA256ByBase64 (BFASenado)" in 5.4285ms (afa2e885)
2024-12-17T00:04:30.4116807-03:00 0HN8U8LUUB3OK:00000017 [INF] Executed endpoint '"BFASenado.Controllers.BFAController.SHA256ByBase64 (BFASenado)"' (99874f2b)
2024-12-17T00:04:30.4120799-03:00 0HN8U8LUUB3OK:00000017 [INF] Request finished HTTP/2 POST https://localhost:7070/api/BFA/SHA256ByBase64 application/json-patch+json 62 - 200 - text/plain;+charset=utf-8 160.0450ms (791a596a)
2024-12-17T00:10:49.3571358-03:00  [INF] Now listening on: "https://localhost:7070" (d826f4b8)
2024-12-17T00:10:49.3623252-03:00  [INF] Now listening on: "http://localhost:5232" (d826f4b8)
2024-12-17T00:10:49.6479472-03:00  [INF] Application started. Press Ctrl+C to shut down. (dcaefe54)
2024-12-17T00:10:49.6531327-03:00  [INF] Hosting environment: "Development" (c3307c92)
2024-12-17T00:10:49.6587719-03:00  [INF] Content root path: "E:\PROYECTOS\BFA-API\" (b5d60022)
2024-12-17T00:10:49.7222390-03:00 0HN8U91K5A3S1:00000001 [INF] Request starting HTTP/2 GET https://localhost:7070/swagger/index.html - - (ca22a1cb)
2024-12-17T00:10:49.9874784-03:00 0HN8U91K5A3S1:00000001 [INF] Request finished HTTP/2 GET https://localhost:7070/swagger/index.html - - - 200 - text/html;charset=utf-8 268.8925ms (791a596a)
2024-12-17T00:10:49.9961590-03:00 0HN8U91K5A3S1:00000003 [INF] Request starting HTTP/2 GET https://localhost:7070/_framework/aspnetcore-browser-refresh.js - - (ca22a1cb)
2024-12-17T00:10:50.0007611-03:00 0HN8U91K5A3S1:00000003 [INF] Request finished HTTP/2 GET https://localhost:7070/_framework/aspnetcore-browser-refresh.js - - - 200 13770 application/javascript;+charset=utf-8 4.6061ms (791a596a)
2024-12-17T00:10:50.0090392-03:00 0HN8U91K5A3S1:00000005 [INF] Request starting HTTP/2 GET https://localhost:7070/_vs/browserLink - - (ca22a1cb)
2024-12-17T00:10:50.0616794-03:00 0HN8U91K5A3S1:00000005 [INF] Request finished HTTP/2 GET https://localhost:7070/_vs/browserLink - - - 200 - text/javascript;+charset=UTF-8 52.6141ms (791a596a)
2024-12-17T00:10:50.0968764-03:00 0HN8U91K5A3S1:00000007 [INF] Request starting HTTP/2 GET https://localhost:7070/swagger/v1/swagger.json - - (ca22a1cb)
2024-12-17T00:10:50.1057151-03:00 0HN8U91K5A3S1:00000007 [INF] Request finished HTTP/2 GET https://localhost:7070/swagger/v1/swagger.json - - - 200 - application/json;charset=utf-8 8.9030ms (791a596a)
2024-12-17T00:11:26.6193378-03:00 0HN8U91K5A3S1:00000009 [INF] Request starting HTTP/2 POST https://localhost:7070/api/BFA/SHA256ByRegistro application/json-patch+json 105 (ca22a1cb)
2024-12-17T00:11:26.8362264-03:00 0HN8U91K5A3S1:00000009 [INF] Executing endpoint '"BFASenado.Controllers.BFAController.SHA256ByRegistro (BFASenado)"' (500cc934)
2024-12-17T00:11:26.8590248-03:00 0HN8U91K5A3S1:00000009 [INF] Route matched with "{action = \"SHA256ByRegistro\", controller = \"BFA\"}". Executing controller action with signature "Microsoft.AspNetCore.Mvc.ActionResult`1[BFASenado.DTO.ResponseDTO.GetFileResponseDTO] SHA256ByRegistro(BFASenado.DTO.RequestDTO.RegistroRequestDTO)" on controller "BFASenado.Controllers.BFAController" ("BFASenado"). (122b2fdf)
2024-12-17T00:11:27.4979846-03:00 0HN8U91K5A3S1:00000009 [INF] Executing "OkObjectResult", writing value of type '"BFASenado.DTO.ResponseDTO.GetFileResponseDTO"'. (605b4265)
2024-12-17T00:11:27.5132629-03:00 0HN8U91K5A3S1:00000009 [INF] Executed action "BFASenado.Controllers.BFAController.SHA256ByRegistro (BFASenado)" in 649.8319ms (afa2e885)
2024-12-17T00:11:27.5133301-03:00 0HN8U91K5A3S1:00000009 [INF] Executed endpoint '"BFASenado.Controllers.BFAController.SHA256ByRegistro (BFASenado)"' (99874f2b)
2024-12-17T00:11:27.5188830-03:00 0HN8U91K5A3S1:00000009 [INF] Request finished HTTP/2 POST https://localhost:7070/api/BFA/SHA256ByRegistro application/json-patch+json 105 - 200 95 application/json;+charset=utf-8 899.6369ms (791a596a)
2024-12-17T00:13:58.1787591-03:00  [INF] Now listening on: "https://localhost:7070" (d826f4b8)
2024-12-17T00:13:58.1850440-03:00  [INF] Now listening on: "http://localhost:5232" (d826f4b8)
2024-12-17T00:13:58.5263781-03:00  [INF] Application started. Press Ctrl+C to shut down. (dcaefe54)
2024-12-17T00:13:58.5333954-03:00  [INF] Hosting environment: "Development" (c3307c92)
2024-12-17T00:13:58.5364296-03:00  [INF] Content root path: "E:\PROYECTOS\BFA-API\" (b5d60022)
2024-12-17T00:13:58.6168493-03:00 0HN8U93CEHMOC:00000001 [INF] Request starting HTTP/2 GET https://localhost:7070/swagger/index.html - - (ca22a1cb)
2024-12-17T00:13:58.9071699-03:00 0HN8U93CEHMOC:00000001 [INF] Request finished HTTP/2 GET https://localhost:7070/swagger/index.html - - - 200 - text/html;charset=utf-8 295.7618ms (791a596a)
2024-12-17T00:13:58.9146800-03:00 0HN8U93CEHMOC:00000003 [INF] Request starting HTTP/2 GET https://localhost:7070/_framework/aspnetcore-browser-refresh.js - - (ca22a1cb)
2024-12-17T00:13:58.9186113-03:00 0HN8U93CEHMOC:00000003 [INF] Request finished HTTP/2 GET https://localhost:7070/_framework/aspnetcore-browser-refresh.js - - - 200 13770 application/javascript;+charset=utf-8 3.9050ms (791a596a)
2024-12-17T00:13:58.9261351-03:00 0HN8U93CEHMOC:00000005 [INF] Request starting HTTP/2 GET https://localhost:7070/_vs/browserLink - - (ca22a1cb)
2024-12-17T00:13:58.9857000-03:00 0HN8U93CEHMOC:00000005 [INF] Request finished HTTP/2 GET https://localhost:7070/_vs/browserLink - - - 200 - text/javascript;+charset=UTF-8 59.6046ms (791a596a)
2024-12-17T00:13:59.0162492-03:00 0HN8U93CEHMOC:00000007 [INF] Request starting HTTP/2 GET https://localhost:7070/swagger/v1/swagger.json - - (ca22a1cb)
2024-12-17T00:13:59.0273611-03:00 0HN8U93CEHMOC:00000007 [INF] Request finished HTTP/2 GET https://localhost:7070/swagger/v1/swagger.json - - - 200 - application/json;charset=utf-8 11.0175ms (791a596a)
2024-12-17T00:14:07.0500585-03:00 0HN8U93CEHMOC:00000009 [INF] Request starting HTTP/2 POST https://localhost:7070/api/BFA/SHA256ByRegistro application/json-patch+json 105 (ca22a1cb)
2024-12-17T00:14:07.2865860-03:00 0HN8U93CEHMOC:00000009 [INF] Executing endpoint '"BFASenado.Controllers.BFAController.SHA256ByRegistro (BFASenado)"' (500cc934)
2024-12-17T00:14:07.3102924-03:00 0HN8U93CEHMOC:00000009 [INF] Route matched with "{action = \"SHA256ByRegistro\", controller = \"BFA\"}". Executing controller action with signature "Microsoft.AspNetCore.Mvc.ActionResult`1[BFASenado.DTO.ResponseDTO.GetFileResponseDTO] SHA256ByRegistro(BFASenado.DTO.RequestDTO.RegistroRequestDTO)" on controller "BFASenado.Controllers.BFAController" ("BFASenado"). (122b2fdf)
2024-12-17T00:14:07.6373266-03:00 0HN8U93CEHMOC:00000009 [INF] Executing "OkObjectResult", writing value of type '"BFASenado.DTO.ResponseDTO.GetFileResponseDTO"'. (605b4265)
2024-12-17T00:14:07.6522123-03:00 0HN8U93CEHMOC:00000009 [INF] Executed action "BFASenado.Controllers.BFAController.SHA256ByRegistro (BFASenado)" in 337.4272ms (afa2e885)
2024-12-17T00:14:07.6522803-03:00 0HN8U93CEHMOC:00000009 [INF] Executed endpoint '"BFASenado.Controllers.BFAController.SHA256ByRegistro (BFASenado)"' (99874f2b)
2024-12-17T00:14:07.6576234-03:00 0HN8U93CEHMOC:00000009 [INF] Request finished HTTP/2 POST https://localhost:7070/api/BFA/SHA256ByRegistro application/json-patch+json 105 - 200 205 application/json;+charset=utf-8 607.7514ms (791a596a)
2024-12-17T00:31:12.8187952-03:00  [INF] Now listening on: "https://localhost:7070" (d826f4b8)
2024-12-17T00:31:12.8242869-03:00  [INF] Now listening on: "http://localhost:5232" (d826f4b8)
2024-12-17T00:31:12.9779721-03:00  [INF] Application started. Press Ctrl+C to shut down. (dcaefe54)
2024-12-17T00:31:12.9813258-03:00  [INF] Hosting environment: "Development" (c3307c92)
2024-12-17T00:31:12.9833950-03:00  [INF] Content root path: "E:\PROYECTOS\BFA-API\" (b5d60022)
2024-12-17T00:31:13.5168860-03:00 0HN8U9D0RK5DM:00000001 [INF] Request starting HTTP/2 GET https://localhost:7070/swagger/index.html - - (ca22a1cb)
2024-12-17T00:31:13.8095341-03:00 0HN8U9D0RK5DM:00000001 [INF] Request finished HTTP/2 GET https://localhost:7070/swagger/index.html - - - 200 - text/html;charset=utf-8 297.6893ms (791a596a)
2024-12-17T00:31:13.8187051-03:00 0HN8U9D0RK5DM:00000003 [INF] Request starting HTTP/2 GET https://localhost:7070/_framework/aspnetcore-browser-refresh.js - - (ca22a1cb)
2024-12-17T00:31:13.8224772-03:00 0HN8U9D0RK5DM:00000003 [INF] Request finished HTTP/2 GET https://localhost:7070/_framework/aspnetcore-browser-refresh.js - - - 200 13770 application/javascript;+charset=utf-8 3.7613ms (791a596a)
2024-12-17T00:31:13.8277581-03:00 0HN8U9D0RK5DM:00000005 [INF] Request starting HTTP/2 GET https://localhost:7070/_vs/browserLink - - (ca22a1cb)
2024-12-17T00:31:13.9071255-03:00 0HN8U9D0RK5DM:00000005 [INF] Request finished HTTP/2 GET https://localhost:7070/_vs/browserLink - - - 200 - text/javascript;+charset=UTF-8 79.4386ms (791a596a)
2024-12-17T00:31:13.9468942-03:00 0HN8U9D0RK5DM:00000007 [INF] Request starting HTTP/2 GET https://localhost:7070/swagger/v1/swagger.json - - (ca22a1cb)
2024-12-17T00:31:13.9596882-03:00 0HN8U9D0RK5DM:00000007 [INF] Request finished HTTP/2 GET https://localhost:7070/swagger/v1/swagger.json - - - 200 - application/json;charset=utf-8 12.8644ms (791a596a)
2024-12-17T00:31:17.8018371-03:00 0HN8U9D0RK5DM:00000009 [INF] Request starting HTTP/2 GET https://localhost:7070/api/BFA/Balance - - (ca22a1cb)
2024-12-17T00:31:18.0257354-03:00 0HN8U9D0RK5DM:00000009 [INF] Executing endpoint '"BFASenado.Controllers.BFAController.Balance (BFASenado)"' (500cc934)
2024-12-17T00:31:18.0467826-03:00 0HN8U9D0RK5DM:00000009 [INF] Route matched with "{action = \"Balance\", controller = \"BFA\"}". Executing controller action with signature "System.Threading.Tasks.Task`1[Microsoft.AspNetCore.Mvc.ActionResult`1[System.Decimal]] Balance()" on controller "BFASenado.Controllers.BFAController" ("BFASenado"). (122b2fdf)
2024-12-17T00:31:21.5464926-03:00 0HN8U9D0RK5DM:00000009 [INF] LogDTO { Fecha: 12/17/2024 00:31:21, Endpoint: "/api/BFA/Balance", MetodoHttp: "GET", DatosRecibidos: "0x9610B65278Cd58a987cC9A6e382866A3989C33C2", Mensaje: "Balance/gas de la cuenta obtenido correctamente", Detalles: null } (60b9aab8)
2024-12-17T00:31:21.5578075-03:00 0HN8U9D0RK5DM:00000009 [INF] Executing "OkObjectResult", writing value of type '"System.Decimal"'. (605b4265)
2024-12-17T00:31:21.5820619-03:00 0HN8U9D0RK5DM:00000009 [INF] Executed action "BFASenado.Controllers.BFAController.Balance (BFASenado)" in 3530.6494ms (afa2e885)
2024-12-17T00:31:21.5827689-03:00 0HN8U9D0RK5DM:00000009 [INF] Executed endpoint '"BFASenado.Controllers.BFAController.Balance (BFASenado)"' (99874f2b)
2024-12-17T00:31:21.5896389-03:00 0HN8U9D0RK5DM:00000009 [INF] Request finished HTTP/2 GET https://localhost:7070/api/BFA/Balance - - - 200 10 application/json;+charset=utf-8 3787.7392ms (791a596a)
2024-12-17T00:32:31.7988068-03:00 0HN8U9D0RK5DM:0000000B [INF] Request starting HTTP/2 POST https://localhost:7070/api/BFA/SHA256ByRegistro application/json-patch+json 110 (ca22a1cb)
2024-12-17T00:32:31.9625626-03:00 0HN8U9D0RK5DM:0000000B [INF] Executing endpoint '"BFASenado.Controllers.BFAController.SHA256ByRegistro (BFASenado)"' (500cc934)
2024-12-17T00:32:31.9818299-03:00 0HN8U9D0RK5DM:0000000B [INF] Route matched with "{action = \"SHA256ByRegistro\", controller = \"BFA\"}". Executing controller action with signature "Microsoft.AspNetCore.Mvc.ActionResult`1[BFASenado.DTO.ResponseDTO.GetFileResponseDTO] SHA256ByRegistro(BFASenado.DTO.RequestDTO.RegistroRequestDTO)" on controller "BFASenado.Controllers.BFAController" ("BFASenado"). (122b2fdf)
2024-12-17T00:32:32.0229764-03:00 0HN8U9D0RK5DM:0000000B [INF] Executing "OkObjectResult", writing value of type '"BFASenado.DTO.ResponseDTO.GetFileResponseDTO"'. (605b4265)
2024-12-17T00:32:32.0237584-03:00 0HN8U9D0RK5DM:0000000B [INF] Executed action "BFASenado.Controllers.BFAController.SHA256ByRegistro (BFASenado)" in 41.848ms (afa2e885)
2024-12-17T00:32:32.0237865-03:00 0HN8U9D0RK5DM:0000000B [INF] Executed endpoint '"BFASenado.Controllers.BFAController.SHA256ByRegistro (BFASenado)"' (99874f2b)
2024-12-17T00:32:32.0244453-03:00 0HN8U9D0RK5DM:0000000B [INF] Request finished HTTP/2 POST https://localhost:7070/api/BFA/SHA256ByRegistro application/json-patch+json 110 - 200 213 application/json;+charset=utf-8 228.2763ms (791a596a)
2024-12-17T00:33:26.1286985-03:00 0HN8U9D0RK5DM:0000000D [INF] Request starting HTTP/2 POST https://localhost:7070/api/BFA/HashBFA application/json-patch+json 86 (ca22a1cb)
2024-12-17T00:33:26.2913599-03:00 0HN8U9D0RK5DM:0000000D [INF] Executing endpoint '"BFASenado.Controllers.BFAController.HashBFA (BFASenado)"' (500cc934)
2024-12-17T00:33:26.2939010-03:00 0HN8U9D0RK5DM:0000000D [INF] Route matched with "{action = \"HashBFA\", controller = \"BFA\"}". Executing controller action with signature "System.Threading.Tasks.Task`1[Microsoft.AspNetCore.Mvc.ActionResult`1[BFASenado.DTO.ResponseDTO.GetHashResponseDTO]] HashBFA(BFASenado.DTO.RequestDTO.HashSHA256RequestDTO)" on controller "BFASenado.Controllers.BFAController" ("BFASenado"). (122b2fdf)
2024-12-17T00:33:28.0251400-03:00 0HN8U9D0RK5DM:0000000D [WRN] LogDTO { Fecha: 12/17/2024 00:33:28, Endpoint: "/api/BFA/HashBFA", MetodoHttp: "POST", DatosRecibidos: "979220c42060993db9c9b4b7872432211960ee2215c98d2d9e11bf31efd333fc", Mensaje: "El hash no existe", Detalles: null } (60b9aab8)
2024-12-17T00:33:28.0253364-03:00 0HN8U9D0RK5DM:0000000D [INF] Executing "BadRequestObjectResult", writing value of type '"System.String"'. (605b4265)
2024-12-17T00:33:28.0254426-03:00 0HN8U9D0RK5DM:0000000D [INF] Executed action "BFASenado.Controllers.BFAController.HashBFA (BFASenado)" in 1731.4987ms (afa2e885)
2024-12-17T00:33:28.0254668-03:00 0HN8U9D0RK5DM:0000000D [INF] Executed endpoint '"BFASenado.Controllers.BFAController.HashBFA (BFASenado)"' (99874f2b)
2024-12-17T00:33:28.0521829-03:00 0HN8U9D0RK5DM:0000000D [INF] Request finished HTTP/2 POST https://localhost:7070/api/BFA/HashBFA application/json-patch+json 86 - 400 - text/plain;+charset=utf-8 1923.5575ms (791a596a)
2024-12-17T00:33:36.7055933-03:00 0HN8U9D0RK5DM:0000000F [INF] Request starting HTTP/2 POST https://localhost:7070/api/BFA/HashBaseDatos application/json-patch+json 86 (ca22a1cb)
2024-12-17T00:33:36.8575455-03:00 0HN8U9D0RK5DM:0000000F [INF] Request finished HTTP/2 POST https://localhost:7070/api/BFA/HashBaseDatos application/json-patch+json 86 - 503 - - 151.9454ms (791a596a)
2024-12-17T00:34:05.8110665-03:00 0HN8U9D0RK5DM:00000011 [INF] Request starting HTTP/2 POST https://localhost:7070/api/BFA/HashBaseDatos application/json-patch+json 86 (ca22a1cb)
2024-12-17T00:34:05.9365719-03:00 0HN8U9D0RK5DM:00000011 [INF] Executing endpoint '"BFASenado.Controllers.BFAController.HashBaseDatos (BFASenado)"' (500cc934)
2024-12-17T00:34:05.9386979-03:00 0HN8U9D0RK5DM:00000011 [INF] Route matched with "{action = \"HashBaseDatos\", controller = \"BFA\"}". Executing controller action with signature "System.Threading.Tasks.Task`1[Microsoft.AspNetCore.Mvc.ActionResult`1[BFASenado.Models.TransaccionBFA]] HashBaseDatos(BFASenado.DTO.RequestDTO.HashSHA256RequestDTO)" on controller "BFASenado.Controllers.BFAController" ("BFASenado"). (122b2fdf)
2024-12-17T00:34:08.5300729-03:00 0HN8U9D0RK5DM:00000011 [INF] Executed DbCommand ("133"ms) [Parameters=["@__hashSHA256_0='?' (Size = 100)"], CommandType='Text', CommandTimeout='30']"
""SELECT TOP(1) [t].[Id], [t].[Base64], [t].[Detalles], [t].[FechaAltaBFA], [t].[FechaAltaTabla], [t].[HashBFA], [t].[HashSHA256], [t].[IdOrigen], [t].[IdTabla], [t].[NombreTabla], [t].[SnAltaBFA], [t].[TipoDocumento]
FROM [TransaccionBFA] AS [t]
WHERE [t].[HashSHA256] = @__hashSHA256_0" (0723d8ff)
2024-12-17T00:34:08.5792589-03:00 0HN8U9D0RK5DM:00000011 [WRN] LogDTO { Fecha: 12/17/2024 00:34:08, Endpoint: "/api/BFA/HashBaseDatos", MetodoHttp: "POST", DatosRecibidos: "979220c42060993db9c9b4b7872432211960ee2215c98d2d9e11bf31efd333fc", Mensaje: "El hash no existe", Detalles: null } (60b9aab8)
2024-12-17T00:34:08.5794053-03:00 0HN8U9D0RK5DM:00000011 [INF] Executing "BadRequestObjectResult", writing value of type '"System.String"'. (605b4265)
2024-12-17T00:34:08.5794792-03:00 0HN8U9D0RK5DM:00000011 [INF] Executed action "BFASenado.Controllers.BFAController.HashBaseDatos (BFASenado)" in 2640.7431ms (afa2e885)
2024-12-17T00:34:08.5795110-03:00 0HN8U9D0RK5DM:00000011 [INF] Executed endpoint '"BFASenado.Controllers.BFAController.HashBaseDatos (BFASenado)"' (99874f2b)
2024-12-17T00:34:08.5927294-03:00 0HN8U9D0RK5DM:00000011 [INF] Request finished HTTP/2 POST https://localhost:7070/api/BFA/HashBaseDatos application/json-patch+json 86 - 400 - text/plain;+charset=utf-8 2781.6777ms (791a596a)
2024-12-17T00:34:47.0826919-03:00 0HN8U9D0RK5DM:00000013 [INF] Request starting HTTP/2 POST https://localhost:7070/api/BFA/SaveHash application/json-patch+json 330 (ca22a1cb)
2024-12-17T00:34:47.2175545-03:00 0HN8U9D0RK5DM:00000013 [INF] Executing endpoint '"BFASenado.Controllers.BFAController.SaveHash (BFASenado)"' (500cc934)
2024-12-17T00:34:47.2197454-03:00 0HN8U9D0RK5DM:00000013 [INF] Route matched with "{action = \"SaveHash\", controller = \"BFA\"}". Executing controller action with signature "System.Threading.Tasks.Task`1[Microsoft.AspNetCore.Mvc.ActionResult`1[BFASenado.DTO.ResponseDTO.GuardarHashResponseDTO]] SaveHash(BFASenado.DTO.RequestDTO.GuardarHashRequestDTO)" on controller "BFASenado.Controllers.BFAController" ("BFASenado"). (122b2fdf)
2024-12-17T00:34:47.2867907-03:00 0HN8U9D0RK5DM:00000013 [INF] Executed DbCommand ("4"ms) [Parameters=["@__hashSHA256_0='?' (Size = 100)"], CommandType='Text', CommandTimeout='30']"
""SELECT TOP(1) [t].[Id], [t].[Base64], [t].[Detalles], [t].[FechaAltaBFA], [t].[FechaAltaTabla], [t].[HashBFA], [t].[HashSHA256], [t].[IdOrigen], [t].[IdTabla], [t].[NombreTabla], [t].[SnAltaBFA], [t].[TipoDocumento]
FROM [TransaccionBFA] AS [t]
WHERE [t].[HashSHA256] = @__hashSHA256_0" (0723d8ff)
2024-12-17T00:34:47.4841712-03:00 0HN8U9D0RK5DM:00000013 [INF] Executed DbCommand ("6"ms) [Parameters=["@p0='?' (Size = 8000) (DbType = AnsiString), @p1='?' (Size = 100), @p2='?' (DbType = DateTime), @p3='?' (DbType = DateTime), @p4='?' (Size = 100), @p5='?' (Size = 100), @p6='?' (DbType = Int64), @p7='?' (DbType = Int64), @p8='?' (Size = 100), @p9='?' (DbType = Boolean), @p10='?' (Size = 100)"], CommandType='Text', CommandTimeout='30']"
""SET IMPLICIT_TRANSACTIONS OFF;
SET NOCOUNT ON;
INSERT INTO [TransaccionBFA] ([Base64], [Detalles], [FechaAltaBFA], [FechaAltaTabla], [HashBFA], [HashSHA256], [IdOrigen], [IdTabla], [NombreTabla], [SnAltaBFA], [TipoDocumento])
OUTPUT INSERTED.[Id]
VALUES (@p0, @p1, @p2, @p3, @p4, @p5, @p6, @p7, @p8, @p9, @p10);" (0723d8ff)
2024-12-17T00:34:48.4472190-03:00 0HN8U9D0RK5DM:00000013 [INF] LogDTO { Fecha: 12/17/2024 00:34:48, Endpoint: "/api/BFA/SaveHash", MetodoHttp: "POST", DatosRecibidos: "979220c42060993db9c9b4b7872432211960ee2215c98d2d9e11bf31efd333fc", Mensaje: "Transacción guardada en la BFA correctamente", Detalles: null } (60b9aab8)
2024-12-17T00:34:48.4512236-03:00 0HN8U9D0RK5DM:00000013 [INF] Executed DbCommand ("1"ms) [Parameters=["@__hashSHA256_0='?' (Size = 100)"], CommandType='Text', CommandTimeout='30']"
""SELECT TOP(1) [t].[Id], [t].[Base64], [t].[Detalles], [t].[FechaAltaBFA], [t].[FechaAltaTabla], [t].[HashBFA], [t].[HashSHA256], [t].[IdOrigen], [t].[IdTabla], [t].[NombreTabla], [t].[SnAltaBFA], [t].[TipoDocumento]
FROM [TransaccionBFA] AS [t]
WHERE [t].[HashSHA256] = @__hashSHA256_0" (0723d8ff)
2024-12-17T00:34:48.4785143-03:00 0HN8U9D0RK5DM:00000013 [INF] Executed DbCommand ("5"ms) [Parameters=["@p11='?' (DbType = Int64), @p0='?' (Size = 8000) (DbType = AnsiString), @p1='?' (Size = 100), @p2='?' (DbType = DateTime), @p3='?' (DbType = DateTime), @p4='?' (Size = 100), @p5='?' (Size = 100), @p6='?' (DbType = Int64), @p7='?' (DbType = Int64), @p8='?' (Size = 100), @p9='?' (DbType = Boolean), @p10='?' (Size = 100)"], CommandType='Text', CommandTimeout='30']"
""SET IMPLICIT_TRANSACTIONS OFF;
SET NOCOUNT ON;
UPDATE [TransaccionBFA] SET [Base64] = @p0, [Detalles] = @p1, [FechaAltaBFA] = @p2, [FechaAltaTabla] = @p3, [HashBFA] = @p4, [HashSHA256] = @p5, [IdOrigen] = @p6, [IdTabla] = @p7, [NombreTabla] = @p8, [SnAltaBFA] = @p9, [TipoDocumento] = @p10
OUTPUT 1
WHERE [Id] = @p11;" (0723d8ff)
2024-12-17T00:34:48.4822794-03:00 0HN8U9D0RK5DM:00000013 [INF] Executing "OkObjectResult", writing value of type '"BFASenado.DTO.ResponseDTO.GuardarHashResponseDTO"'. (605b4265)
2024-12-17T00:34:48.4864826-03:00 0HN8U9D0RK5DM:00000013 [INF] Executed action "BFASenado.Controllers.BFAController.SaveHash (BFASenado)" in 1266.6667ms (afa2e885)
2024-12-17T00:34:48.4865291-03:00 0HN8U9D0RK5DM:00000013 [INF] Executed endpoint '"BFASenado.Controllers.BFAController.SaveHash (BFASenado)"' (99874f2b)
2024-12-17T00:34:48.4868579-03:00 0HN8U9D0RK5DM:00000013 [INF] Request finished HTTP/2 POST https://localhost:7070/api/BFA/SaveHash application/json-patch+json 330 - 200 391 application/json;+charset=utf-8 1404.3693ms (791a596a)
2024-12-17T00:35:05.8675387-03:00 0HN8U9D0RK5DM:00000015 [INF] Request starting HTTP/2 POST https://localhost:7070/api/BFA/HashBFA application/json-patch+json 86 (ca22a1cb)
2024-12-17T00:35:06.0125154-03:00 0HN8U9D0RK5DM:00000015 [INF] Executing endpoint '"BFASenado.Controllers.BFAController.HashBFA (BFASenado)"' (500cc934)
2024-12-17T00:35:06.0127153-03:00 0HN8U9D0RK5DM:00000015 [INF] Route matched with "{action = \"HashBFA\", controller = \"BFA\"}". Executing controller action with signature "System.Threading.Tasks.Task`1[Microsoft.AspNetCore.Mvc.ActionResult`1[BFASenado.DTO.ResponseDTO.GetHashResponseDTO]] HashBFA(BFASenado.DTO.RequestDTO.HashSHA256RequestDTO)" on controller "BFASenado.Controllers.BFAController" ("BFASenado"). (122b2fdf)
2024-12-17T00:35:06.0432673-03:00 0HN8U9D0RK5DM:00000015 [INF] LogDTO { Fecha: 12/17/2024 00:35:06, Endpoint: "/api/BFA/HashBFA", MetodoHttp: "POST", DatosRecibidos: "979220c42060993db9c9b4b7872432211960ee2215c98d2d9e11bf31efd333fc", Mensaje: "Hash obtenido correctamente", Detalles: null } (60b9aab8)
2024-12-17T00:35:06.0434185-03:00 0HN8U9D0RK5DM:00000015 [INF] Executing "OkObjectResult", writing value of type '"BFASenado.DTO.ResponseDTO.GetHashResponseDTO"'. (605b4265)
2024-12-17T00:35:06.0435584-03:00 0HN8U9D0RK5DM:00000015 [INF] Executed action "BFASenado.Controllers.BFAController.HashBFA (BFASenado)" in 30.7879ms (afa2e885)
2024-12-17T00:35:06.0435937-03:00 0HN8U9D0RK5DM:00000015 [INF] Executed endpoint '"BFASenado.Controllers.BFAController.HashBFA (BFASenado)"' (99874f2b)
2024-12-17T00:35:06.0438623-03:00 0HN8U9D0RK5DM:00000015 [INF] Request finished HTTP/2 POST https://localhost:7070/api/BFA/HashBFA application/json-patch+json 86 - 200 303 application/json;+charset=utf-8 176.3145ms (791a596a)
2024-12-17T00:35:33.0545452-03:00 0HN8U9D0RK5DM:00000017 [INF] Request starting HTTP/2 POST https://localhost:7070/api/BFA/SHA256ByRegistro application/json-patch+json 110 (ca22a1cb)
2024-12-17T00:35:33.1976226-03:00 0HN8U9D0RK5DM:00000017 [INF] Executing endpoint '"BFASenado.Controllers.BFAController.SHA256ByRegistro (BFASenado)"' (500cc934)
2024-12-17T00:35:33.1977905-03:00 0HN8U9D0RK5DM:00000017 [INF] Route matched with "{action = \"SHA256ByRegistro\", controller = \"BFA\"}". Executing controller action with signature "Microsoft.AspNetCore.Mvc.ActionResult`1[BFASenado.DTO.ResponseDTO.GetFileResponseDTO] SHA256ByRegistro(BFASenado.DTO.RequestDTO.RegistroRequestDTO)" on controller "BFASenado.Controllers.BFAController" ("BFASenado"). (122b2fdf)
2024-12-17T00:35:33.1984432-03:00 0HN8U9D0RK5DM:00000017 [INF] Executing "OkObjectResult", writing value of type '"BFASenado.DTO.ResponseDTO.GetFileResponseDTO"'. (605b4265)
2024-12-17T00:35:33.1985930-03:00 0HN8U9D0RK5DM:00000017 [INF] Executed action "BFASenado.Controllers.BFAController.SHA256ByRegistro (BFASenado)" in 0.7298ms (afa2e885)
2024-12-17T00:35:33.1986391-03:00 0HN8U9D0RK5DM:00000017 [INF] Executed endpoint '"BFASenado.Controllers.BFAController.SHA256ByRegistro (BFASenado)"' (99874f2b)
2024-12-17T00:35:33.1990372-03:00 0HN8U9D0RK5DM:00000017 [INF] Request finished HTTP/2 POST https://localhost:7070/api/BFA/SHA256ByRegistro application/json-patch+json 110 - 200 213 application/json;+charset=utf-8 144.6271ms (791a596a)
2024-12-17T00:36:05.6690559-03:00 0HN8U9D0RK5DM:00000019 [INF] Request starting HTTP/2 POST https://localhost:7070/api/BFA/SaveHash application/json-patch+json 330 (ca22a1cb)
2024-12-17T00:36:05.7931098-03:00 0HN8U9D0RK5DM:00000019 [INF] Executing endpoint '"BFASenado.Controllers.BFAController.SaveHash (BFASenado)"' (500cc934)
2024-12-17T00:36:05.7932036-03:00 0HN8U9D0RK5DM:00000019 [INF] Route matched with "{action = \"SaveHash\", controller = \"BFA\"}". Executing controller action with signature "System.Threading.Tasks.Task`1[Microsoft.AspNetCore.Mvc.ActionResult`1[BFASenado.DTO.ResponseDTO.GuardarHashResponseDTO]] SaveHash(BFASenado.DTO.RequestDTO.GuardarHashRequestDTO)" on controller "BFASenado.Controllers.BFAController" ("BFASenado"). (122b2fdf)
2024-12-17T00:36:05.8541667-03:00 0HN8U9D0RK5DM:00000019 [INF] Executed DbCommand ("2"ms) [Parameters=["@__hashSHA256_0='?' (Size = 100)"], CommandType='Text', CommandTimeout='30']"
""SELECT TOP(1) [t].[Id], [t].[Base64], [t].[Detalles], [t].[FechaAltaBFA], [t].[FechaAltaTabla], [t].[HashBFA], [t].[HashSHA256], [t].[IdOrigen], [t].[IdTabla], [t].[NombreTabla], [t].[SnAltaBFA], [t].[TipoDocumento]
FROM [TransaccionBFA] AS [t]
WHERE [t].[HashSHA256] = @__hashSHA256_0" (0723d8ff)
2024-12-17T00:36:05.8583631-03:00 0HN8U9D0RK5DM:00000019 [INF] Executed DbCommand ("1"ms) [Parameters=["@p0='?' (Size = 8000) (DbType = AnsiString), @p1='?' (Size = 100), @p2='?' (DbType = DateTime), @p3='?' (DbType = DateTime), @p4='?' (Size = 100), @p5='?' (Size = 100), @p6='?' (DbType = Int64), @p7='?' (DbType = Int64), @p8='?' (Size = 100), @p9='?' (DbType = Boolean), @p10='?' (Size = 100)"], CommandType='Text', CommandTimeout='30']"
""SET IMPLICIT_TRANSACTIONS OFF;
SET NOCOUNT ON;
INSERT INTO [TransaccionBFA] ([Base64], [Detalles], [FechaAltaBFA], [FechaAltaTabla], [HashBFA], [HashSHA256], [IdOrigen], [IdTabla], [NombreTabla], [SnAltaBFA], [TipoDocumento])
OUTPUT INSERTED.[Id]
VALUES (@p0, @p1, @p2, @p3, @p4, @p5, @p6, @p7, @p8, @p9, @p10);" (0723d8ff)
2024-12-17T00:36:05.9960076-03:00 0HN8U9D0RK5DM:00000019 [INF] LogDTO { Fecha: 12/17/2024 00:36:05, Endpoint: "/api/BFA/SaveHash", MetodoHttp: "POST", DatosRecibidos: "08d68acd1a743072726cd3cbf7aff469d77f537b7ed58b233f6d8b81e07a2151", Mensaje: "Transacción guardada en la BFA correctamente", Detalles: null } (60b9aab8)
2024-12-17T00:36:05.9994724-03:00 0HN8U9D0RK5DM:00000019 [INF] Executed DbCommand ("1"ms) [Parameters=["@__hashSHA256_0='?' (Size = 100)"], CommandType='Text', CommandTimeout='30']"
""SELECT TOP(1) [t].[Id], [t].[Base64], [t].[Detalles], [t].[FechaAltaBFA], [t].[FechaAltaTabla], [t].[HashBFA], [t].[HashSHA256], [t].[IdOrigen], [t].[IdTabla], [t].[NombreTabla], [t].[SnAltaBFA], [t].[TipoDocumento]
FROM [TransaccionBFA] AS [t]
WHERE [t].[HashSHA256] = @__hashSHA256_0" (0723d8ff)
2024-12-17T00:36:06.0056901-03:00 0HN8U9D0RK5DM:00000019 [INF] Executed DbCommand ("3"ms) [Parameters=["@p11='?' (DbType = Int64), @p0='?' (Size = 8000) (DbType = AnsiString), @p1='?' (Size = 100), @p2='?' (DbType = DateTime), @p3='?' (DbType = DateTime), @p4='?' (Size = 100), @p5='?' (Size = 100), @p6='?' (DbType = Int64), @p7='?' (DbType = Int64), @p8='?' (Size = 100), @p9='?' (DbType = Boolean), @p10='?' (Size = 100)"], CommandType='Text', CommandTimeout='30']"
""SET IMPLICIT_TRANSACTIONS OFF;
SET NOCOUNT ON;
UPDATE [TransaccionBFA] SET [Base64] = @p0, [Detalles] = @p1, [FechaAltaBFA] = @p2, [FechaAltaTabla] = @p3, [HashBFA] = @p4, [HashSHA256] = @p5, [IdOrigen] = @p6, [IdTabla] = @p7, [NombreTabla] = @p8, [SnAltaBFA] = @p9, [TipoDocumento] = @p10
OUTPUT 1
WHERE [Id] = @p11;" (0723d8ff)
2024-12-17T00:36:06.0060893-03:00 0HN8U9D0RK5DM:00000019 [INF] Executing "OkObjectResult", writing value of type '"BFASenado.DTO.ResponseDTO.GuardarHashResponseDTO"'. (605b4265)
2024-12-17T00:36:06.0061909-03:00 0HN8U9D0RK5DM:00000019 [INF] Executed action "BFASenado.Controllers.BFAController.SaveHash (BFASenado)" in 212.9454ms (afa2e885)
2024-12-17T00:36:06.0062185-03:00 0HN8U9D0RK5DM:00000019 [INF] Executed endpoint '"BFASenado.Controllers.BFAController.SaveHash (BFASenado)"' (99874f2b)
2024-12-17T00:36:06.0065039-03:00 0HN8U9D0RK5DM:00000019 [INF] Request finished HTTP/2 POST https://localhost:7070/api/BFA/SaveHash application/json-patch+json 330 - 200 390 application/json;+charset=utf-8 337.4631ms (791a596a)
2024-12-17T00:37:10.7429014-03:00 0HN8U9D0RK5DM:0000001B [INF] Request starting HTTP/2 POST https://localhost:7070/api/BFA/Hashes application/json-patch+json 4 (ca22a1cb)
2024-12-17T00:37:10.8805235-03:00 0HN8U9D0RK5DM:0000001B [INF] Executing endpoint '"BFASenado.Controllers.BFAController.Hashes (BFASenado)"' (500cc934)
2024-12-17T00:37:10.8832115-03:00 0HN8U9D0RK5DM:0000001B [INF] Route matched with "{action = \"Hashes\", controller = \"BFA\"}". Executing controller action with signature "System.Threading.Tasks.Task`1[Microsoft.AspNetCore.Mvc.ActionResult`1[BFASenado.DTO.ResponseDTO.GetHashesResponseDTO]] Hashes(BFASenado.DTO.RequestDTO.GetHashesRequestDTO)" on controller "BFASenado.Controllers.BFAController" ("BFASenado"). (122b2fdf)
2024-12-17T00:37:11.1024501-03:00 0HN8U9D0RK5DM:0000001B [INF] LogDTO { Fecha: 12/17/2024 00:37:10, Endpoint: "/api/BFA/Hashes", MetodoHttp: "POST", DatosRecibidos: null, Mensaje: "Hashes obtenidos correctamente (sin filtro)", Detalles: null } (60b9aab8)
2024-12-17T00:37:11.1027704-03:00 0HN8U9D0RK5DM:0000001B [INF] Executing "OkObjectResult", writing value of type '"BFASenado.DTO.ResponseDTO.GetHashesResponseDTO"'. (605b4265)
2024-12-17T00:37:11.1056153-03:00 0HN8U9D0RK5DM:0000001B [INF] Executed action "BFASenado.Controllers.BFAController.Hashes (BFASenado)" in 222.324ms (afa2e885)
2024-12-17T00:37:11.1056789-03:00 0HN8U9D0RK5DM:0000001B [INF] Executed endpoint '"BFASenado.Controllers.BFAController.Hashes (BFASenado)"' (99874f2b)
2024-12-17T00:37:11.1059502-03:00 0HN8U9D0RK5DM:0000001B [INF] Request finished HTTP/2 POST https://localhost:7070/api/BFA/Hashes application/json-patch+json 4 - 200 2240 application/json;+charset=utf-8 363.1422ms (791a596a)
2024-12-17T00:38:37.7970530-03:00 0HN8U9D0RK5DM:0000001D [INF] Request starting HTTP/2 POST https://localhost:7070/api/BFA/Hashes application/json-patch+json 99 (ca22a1cb)
2024-12-17T00:38:37.9537855-03:00 0HN8U9D0RK5DM:0000001D [INF] Executing endpoint '"BFASenado.Controllers.BFAController.Hashes (BFASenado)"' (500cc934)
2024-12-17T00:38:37.9539318-03:00 0HN8U9D0RK5DM:0000001D [INF] Route matched with "{action = \"Hashes\", controller = \"BFA\"}". Executing controller action with signature "System.Threading.Tasks.Task`1[Microsoft.AspNetCore.Mvc.ActionResult`1[BFASenado.DTO.ResponseDTO.GetHashesResponseDTO]] Hashes(BFASenado.DTO.RequestDTO.GetHashesRequestDTO)" on controller "BFASenado.Controllers.BFAController" ("BFASenado"). (122b2fdf)
2024-12-17T00:38:37.9618281-03:00 0HN8U9D0RK5DM:0000001D [INF] Executing "BadRequestObjectResult", writing value of type '"Microsoft.AspNetCore.Mvc.ValidationProblemDetails"'. (605b4265)
2024-12-17T00:38:37.9805527-03:00 0HN8U9D0RK5DM:0000001D [INF] Executed action "BFASenado.Controllers.BFAController.Hashes (BFASenado)" in 26.508ms (afa2e885)
2024-12-17T00:38:37.9805998-03:00 0HN8U9D0RK5DM:0000001D [INF] Executed endpoint '"BFASenado.Controllers.BFAController.Hashes (BFASenado)"' (99874f2b)
2024-12-17T00:38:37.9864214-03:00 0HN8U9D0RK5DM:0000001D [INF] Request finished HTTP/2 POST https://localhost:7070/api/BFA/Hashes application/json-patch+json 99 - 400 309 application/problem+json;+charset=utf-8 189.5022ms (791a596a)
2024-12-17T00:38:50.7975633-03:00 0HN8U9D0RK5DM:0000001F [INF] Request starting HTTP/2 POST https://localhost:7070/api/BFA/Hashes application/json-patch+json 82 (ca22a1cb)
2024-12-17T00:38:50.9620097-03:00 0HN8U9D0RK5DM:0000001F [INF] Executing endpoint '"BFASenado.Controllers.BFAController.Hashes (BFASenado)"' (500cc934)
2024-12-17T00:38:50.9621085-03:00 0HN8U9D0RK5DM:0000001F [INF] Route matched with "{action = \"Hashes\", controller = \"BFA\"}". Executing controller action with signature "System.Threading.Tasks.Task`1[Microsoft.AspNetCore.Mvc.ActionResult`1[BFASenado.DTO.ResponseDTO.GetHashesResponseDTO]] Hashes(BFASenado.DTO.RequestDTO.GetHashesRequestDTO)" on controller "BFASenado.Controllers.BFAController" ("BFASenado"). (122b2fdf)
2024-12-17T00:38:50.9624869-03:00 0HN8U9D0RK5DM:0000001F [INF] Executing "BadRequestObjectResult", writing value of type '"Microsoft.AspNetCore.Mvc.ValidationProblemDetails"'. (605b4265)
2024-12-17T00:38:50.9627181-03:00 0HN8U9D0RK5DM:0000001F [INF] Executed action "BFASenado.Controllers.BFAController.Hashes (BFASenado)" in 0.5619ms (afa2e885)
2024-12-17T00:38:50.9627684-03:00 0HN8U9D0RK5DM:0000001F [INF] Executed endpoint '"BFASenado.Controllers.BFAController.Hashes (BFASenado)"' (99874f2b)
2024-12-17T00:38:50.9693860-03:00 0HN8U9D0RK5DM:0000001F [INF] Request finished HTTP/2 POST https://localhost:7070/api/BFA/Hashes application/json-patch+json 82 - 400 247 application/problem+json;+charset=utf-8 171.9186ms (791a596a)
2024-12-17T00:39:05.9588697-03:00 0HN8U9D0RK5DM:00000021 [INF] Request starting HTTP/2 POST https://localhost:7070/api/BFA/Hashes application/json-patch+json 69 (ca22a1cb)
2024-12-17T00:39:06.0847352-03:00 0HN8U9D0RK5DM:00000021 [INF] Executing endpoint '"BFASenado.Controllers.BFAController.Hashes (BFASenado)"' (500cc934)
2024-12-17T00:39:06.0850092-03:00 0HN8U9D0RK5DM:00000021 [INF] Route matched with "{action = \"Hashes\", controller = \"BFA\"}". Executing controller action with signature "System.Threading.Tasks.Task`1[Microsoft.AspNetCore.Mvc.ActionResult`1[BFASenado.DTO.ResponseDTO.GetHashesResponseDTO]] Hashes(BFASenado.DTO.RequestDTO.GetHashesRequestDTO)" on controller "BFASenado.Controllers.BFAController" ("BFASenado"). (122b2fdf)
2024-12-17T00:39:06.2069342-03:00 0HN8U9D0RK5DM:00000021 [ERR] LogDTO { Fecha: 12/17/2024 00:39:06, Endpoint: "/api/BFA/Hashes", MetodoHttp: "POST", DatosRecibidos: null, Mensaje: "Error al obtener los hashes", Detalles: "String value expected for type 'string'" } (60b9aab8)
2024-12-17T00:39:06.2071748-03:00 0HN8U9D0RK5DM:00000021 [INF] Executing "ObjectResult", writing value of type '"System.String"'. (605b4265)
2024-12-17T00:39:06.2072763-03:00 0HN8U9D0RK5DM:00000021 [INF] Executed action "BFASenado.Controllers.BFAController.Hashes (BFASenado)" in 122.0328ms (afa2e885)
2024-12-17T00:39:06.2073003-03:00 0HN8U9D0RK5DM:00000021 [INF] Executed endpoint '"BFASenado.Controllers.BFAController.Hashes (BFASenado)"' (99874f2b)
2024-12-17T00:39:06.2092041-03:00 0HN8U9D0RK5DM:00000021 [INF] Request finished HTTP/2 POST https://localhost:7070/api/BFA/Hashes application/json-patch+json 69 - 500 - text/plain;+charset=utf-8 250.4972ms (791a596a)
2024-12-17T00:40:21.5858994-03:00  [INF] Now listening on: "https://localhost:7070" (d826f4b8)
2024-12-17T00:40:21.5915645-03:00  [INF] Now listening on: "http://localhost:5232" (d826f4b8)
2024-12-17T00:40:21.7450848-03:00  [INF] Application started. Press Ctrl+C to shut down. (dcaefe54)
2024-12-17T00:40:21.7483811-03:00  [INF] Hosting environment: "Development" (c3307c92)
2024-12-17T00:40:21.7502867-03:00  [INF] Content root path: "E:\PROYECTOS\BFA-API\" (b5d60022)
2024-12-17T00:40:22.3725051-03:00 0HN8U9I4F1VOP:00000001 [INF] Request starting HTTP/2 GET https://localhost:7070/swagger/index.html - - (ca22a1cb)
2024-12-17T00:40:22.6080520-03:00 0HN8U9I4F1VOP:00000001 [INF] Request finished HTTP/2 GET https://localhost:7070/swagger/index.html - - - 200 - text/html;charset=utf-8 238.1868ms (791a596a)
2024-12-17T00:40:22.6101570-03:00 0HN8U9I4F1VOP:00000003 [INF] Request starting HTTP/2 GET https://localhost:7070/_framework/aspnetcore-browser-refresh.js - - (ca22a1cb)
2024-12-17T00:40:22.6198006-03:00 0HN8U9I4F1VOP:00000003 [INF] Request finished HTTP/2 GET https://localhost:7070/_framework/aspnetcore-browser-refresh.js - - - 200 13770 application/javascript;+charset=utf-8 9.6559ms (791a596a)
2024-12-17T00:40:22.6251594-03:00 0HN8U9I4F1VOP:00000005 [INF] Request starting HTTP/2 GET https://localhost:7070/_vs/browserLink - - (ca22a1cb)
2024-12-17T00:40:22.6775419-03:00 0HN8U9I4F1VOP:00000005 [INF] Request finished HTTP/2 GET https://localhost:7070/_vs/browserLink - - - 200 - text/javascript;+charset=UTF-8 52.4321ms (791a596a)
2024-12-17T00:40:22.7051514-03:00 0HN8U9I4F1VOP:00000007 [INF] Request starting HTTP/2 GET https://localhost:7070/swagger/v1/swagger.json - - (ca22a1cb)
2024-12-17T00:40:22.7124813-03:00 0HN8U9I4F1VOP:00000007 [INF] Request finished HTTP/2 GET https://localhost:7070/swagger/v1/swagger.json - - - 200 - application/json;charset=utf-8 7.3389ms (791a596a)
2024-12-17T00:40:30.5778285-03:00 0HN8U9I4F1VOP:00000009 [INF] Request starting HTTP/2 POST https://localhost:7070/api/BFA/Hashes application/json-patch+json 4 (ca22a1cb)
2024-12-17T00:40:30.8406466-03:00 0HN8U9I4F1VOP:00000009 [INF] Executing endpoint '"BFASenado.Controllers.BFAController.Hashes (BFASenado)"' (500cc934)
2024-12-17T00:40:30.8709826-03:00 0HN8U9I4F1VOP:00000009 [INF] Route matched with "{action = \"Hashes\", controller = \"BFA\"}". Executing controller action with signature "System.Threading.Tasks.Task`1[Microsoft.AspNetCore.Mvc.ActionResult`1[BFASenado.DTO.ResponseDTO.GetHashesResponseDTO]] Hashes(BFASenado.DTO.RequestDTO.GetHashesRequestDTO)" on controller "BFASenado.Controllers.BFAController" ("BFASenado"). (122b2fdf)
2024-12-17T00:40:31.6837748-03:00 0HN8U9I4F1VOP:00000009 [INF] LogDTO { Fecha: 12/17/2024 00:40:31, Endpoint: "/api/BFA/Hashes", MetodoHttp: "POST", DatosRecibidos: null, Mensaje: "Hashes obtenidos correctamente (sin filtro)", Detalles: null } (60b9aab8)
2024-12-17T00:40:31.6955685-03:00 0HN8U9I4F1VOP:00000009 [INF] Executing "OkObjectResult", writing value of type '"BFASenado.DTO.ResponseDTO.GetHashesResponseDTO"'. (605b4265)
2024-12-17T00:40:31.7165307-03:00 0HN8U9I4F1VOP:00000009 [INF] Executed action "BFASenado.Controllers.BFAController.Hashes (BFASenado)" in 841.264ms (afa2e885)
2024-12-17T00:40:31.7177130-03:00 0HN8U9I4F1VOP:00000009 [INF] Executed endpoint '"BFASenado.Controllers.BFAController.Hashes (BFASenado)"' (99874f2b)
2024-12-17T00:40:31.7252703-03:00 0HN8U9I4F1VOP:00000009 [INF] Request finished HTTP/2 POST https://localhost:7070/api/BFA/Hashes application/json-patch+json 4 - 200 2240 application/json;+charset=utf-8 1147.4406ms (791a596a)
2024-12-17T00:40:55.5580362-03:00 0HN8U9I4F1VOP:0000000B [INF] Request starting HTTP/2 POST https://localhost:7070/api/BFA/Hashes application/json-patch+json 79 (ca22a1cb)
2024-12-17T00:40:55.6805815-03:00 0HN8U9I4F1VOP:0000000B [INF] Executing endpoint '"BFASenado.Controllers.BFAController.Hashes (BFASenado)"' (500cc934)
2024-12-17T00:40:55.6807476-03:00 0HN8U9I4F1VOP:0000000B [INF] Route matched with "{action = \"Hashes\", controller = \"BFA\"}". Executing controller action with signature "System.Threading.Tasks.Task`1[Microsoft.AspNetCore.Mvc.ActionResult`1[BFASenado.DTO.ResponseDTO.GetHashesResponseDTO]] Hashes(BFASenado.DTO.RequestDTO.GetHashesRequestDTO)" on controller "BFASenado.Controllers.BFAController" ("BFASenado"). (122b2fdf)
2024-12-17T00:40:55.7963313-03:00 0HN8U9I4F1VOP:0000000B [ERR] LogDTO { Fecha: 12/17/2024 00:40:55, Endpoint: "/api/BFA/Hashes", MetodoHttp: "POST", DatosRecibidos: null, Mensaje: "Error al obtener los hashes", Detalles: "String value expected for type 'string'" } (60b9aab8)
2024-12-17T00:40:55.7966315-03:00 0HN8U9I4F1VOP:0000000B [INF] Executing "ObjectResult", writing value of type '"System.String"'. (605b4265)
2024-12-17T00:40:55.7968447-03:00 0HN8U9I4F1VOP:0000000B [INF] Executed action "BFASenado.Controllers.BFAController.Hashes (BFASenado)" in 116.0538ms (afa2e885)
2024-12-17T00:40:55.7968738-03:00 0HN8U9I4F1VOP:0000000B [INF] Executed endpoint '"BFASenado.Controllers.BFAController.Hashes (BFASenado)"' (99874f2b)
2024-12-17T00:40:55.8280139-03:00 0HN8U9I4F1VOP:0000000B [INF] Request finished HTTP/2 POST https://localhost:7070/api/BFA/Hashes application/json-patch+json 79 - 500 - text/plain;+charset=utf-8 269.9682ms (791a596a)
2024-12-17T00:41:22.5049295-03:00 0HN8U9I4F1VOP:0000000D [INF] Request starting HTTP/2 POST https://localhost:7070/api/BFA/Hashes application/json-patch+json 19 (ca22a1cb)
2024-12-17T00:41:22.6740380-03:00 0HN8U9I4F1VOP:0000000D [INF] Executing endpoint '"BFASenado.Controllers.BFAController.Hashes (BFASenado)"' (500cc934)
2024-12-17T00:41:22.6743141-03:00 0HN8U9I4F1VOP:0000000D [INF] Route matched with "{action = \"Hashes\", controller = \"BFA\"}". Executing controller action with signature "System.Threading.Tasks.Task`1[Microsoft.AspNetCore.Mvc.ActionResult`1[BFASenado.DTO.ResponseDTO.GetHashesResponseDTO]] Hashes(BFASenado.DTO.RequestDTO.GetHashesRequestDTO)" on controller "BFASenado.Controllers.BFAController" ("BFASenado"). (122b2fdf)
2024-12-17T00:41:22.7672527-03:00 0HN8U9I4F1VOP:0000000D [ERR] LogDTO { Fecha: 12/17/2024 00:41:22, Endpoint: "/api/BFA/Hashes", MetodoHttp: "POST", DatosRecibidos: null, Mensaje: "Error al obtener los hashes", Detalles: "String value expected for type 'string'" } (60b9aab8)
2024-12-17T00:41:22.7673885-03:00 0HN8U9I4F1VOP:0000000D [INF] Executing "ObjectResult", writing value of type '"System.String"'. (605b4265)
2024-12-17T00:41:22.7675034-03:00 0HN8U9I4F1VOP:0000000D [INF] Executed action "BFASenado.Controllers.BFAController.Hashes (BFASenado)" in 93.0311ms (afa2e885)
2024-12-17T00:41:22.7675564-03:00 0HN8U9I4F1VOP:0000000D [INF] Executed endpoint '"BFASenado.Controllers.BFAController.Hashes (BFASenado)"' (99874f2b)
2024-12-17T00:41:22.7708535-03:00 0HN8U9I4F1VOP:0000000D [INF] Request finished HTTP/2 POST https://localhost:7070/api/BFA/Hashes application/json-patch+json 19 - 500 - text/plain;+charset=utf-8 266.0321ms (791a596a)
2024-12-17T00:45:56.8168279-03:00  [INF] Now listening on: "https://localhost:7070" (d826f4b8)
2024-12-17T00:45:56.8228549-03:00  [INF] Now listening on: "http://localhost:5232" (d826f4b8)
2024-12-17T00:45:56.9747987-03:00  [INF] Application started. Press Ctrl+C to shut down. (dcaefe54)
2024-12-17T00:45:56.9778964-03:00  [INF] Hosting environment: "Development" (c3307c92)
2024-12-17T00:45:56.9799969-03:00  [INF] Content root path: "E:\PROYECTOS\BFA-API\" (b5d60022)
2024-12-17T00:45:57.5589311-03:00 0HN8U9L8BDLTU:00000001 [INF] Request starting HTTP/2 GET https://localhost:7070/swagger/index.html - - (ca22a1cb)
2024-12-17T00:45:57.7989629-03:00 0HN8U9L8BDLTU:00000001 [INF] Request finished HTTP/2 GET https://localhost:7070/swagger/index.html - - - 200 - text/html;charset=utf-8 245.8579ms (791a596a)
2024-12-17T00:45:57.8065679-03:00 0HN8U9L8BDLTU:00000003 [INF] Request starting HTTP/2 GET https://localhost:7070/_framework/aspnetcore-browser-refresh.js - - (ca22a1cb)
2024-12-17T00:45:57.8106671-03:00 0HN8U9L8BDLTU:00000003 [INF] Request finished HTTP/2 GET https://localhost:7070/_framework/aspnetcore-browser-refresh.js - - - 200 13770 application/javascript;+charset=utf-8 4.1224ms (791a596a)
2024-12-17T00:45:57.8143206-03:00 0HN8U9L8BDLTU:00000005 [INF] Request starting HTTP/2 GET https://localhost:7070/_vs/browserLink - - (ca22a1cb)
2024-12-17T00:45:57.8711957-03:00 0HN8U9L8BDLTU:00000005 [INF] Request finished HTTP/2 GET https://localhost:7070/_vs/browserLink - - - 200 - text/javascript;+charset=UTF-8 56.9114ms (791a596a)
2024-12-17T00:45:57.9031069-03:00 0HN8U9L8BDLTU:00000007 [INF] Request starting HTTP/2 GET https://localhost:7070/swagger/v1/swagger.json - - (ca22a1cb)
2024-12-17T00:45:57.9144344-03:00 0HN8U9L8BDLTU:00000007 [INF] Request finished HTTP/2 GET https://localhost:7070/swagger/v1/swagger.json - - - 200 - application/json;charset=utf-8 11.3243ms (791a596a)
2024-12-17T00:46:27.2127644-03:00 0HN8U9L8BDLTU:00000009 [INF] Request starting HTTP/2 POST https://localhost:7070/api/BFA/Hashes application/json-patch+json 79 (ca22a1cb)
2024-12-17T00:46:27.4243478-03:00 0HN8U9L8BDLTU:00000009 [INF] Executing endpoint '"BFASenado.Controllers.BFAController.Hashes (BFASenado)"' (500cc934)
2024-12-17T00:46:27.4531966-03:00 0HN8U9L8BDLTU:00000009 [INF] Route matched with "{action = \"Hashes\", controller = \"BFA\"}". Executing controller action with signature "System.Threading.Tasks.Task`1[Microsoft.AspNetCore.Mvc.ActionResult`1[BFASenado.DTO.ResponseDTO.GetHashesResponseDTO]] Hashes(BFASenado.DTO.RequestDTO.GetHashesRequestDTO)" on controller "BFASenado.Controllers.BFAController" ("BFASenado"). (122b2fdf)
2024-12-17T00:46:28.2989493-03:00 0HN8U9L8BDLTU:00000009 [INF] LogDTO { Fecha: 12/17/2024 00:46:28, Endpoint: "/api/BFA/Hashes", MetodoHttp: "POST", DatosRecibidos: GetHashesRequestDTO { HashSHA256: null, IdTabla: 0, IdOrigen: 1, NombreTabla: "", TipoDocumento: "" }, Mensaje: "Hashes obtenidos correctamente (con filtro)", Detalles: null } (60b9aab8)
2024-12-17T00:46:28.3092643-03:00 0HN8U9L8BDLTU:00000009 [INF] Executing "OkObjectResult", writing value of type '"BFASenado.DTO.ResponseDTO.GetHashesResponseDTO"'. (605b4265)
2024-12-17T00:46:28.3305105-03:00 0HN8U9L8BDLTU:00000009 [INF] Executed action "BFASenado.Controllers.BFAController.Hashes (BFASenado)" in 872.6913ms (afa2e885)
2024-12-17T00:46:28.3312208-03:00 0HN8U9L8BDLTU:00000009 [INF] Executed endpoint '"BFASenado.Controllers.BFAController.Hashes (BFASenado)"' (99874f2b)
2024-12-17T00:46:28.3393726-03:00 0HN8U9L8BDLTU:00000009 [INF] Request finished HTTP/2 POST https://localhost:7070/api/BFA/Hashes application/json-patch+json 79 - 200 2240 application/json;+charset=utf-8 1126.5738ms (791a596a)
2024-12-17T00:47:39.4831377-03:00 0HN8U9L8BDLTU:0000000B [INF] Request starting HTTP/2 POST https://localhost:7070/api/BFA/Hashes application/json-patch+json 163 (ca22a1cb)
2024-12-17T00:47:39.6432635-03:00 0HN8U9L8BDLTU:0000000B [INF] Executing endpoint '"BFASenado.Controllers.BFAController.Hashes (BFASenado)"' (500cc934)
2024-12-17T00:47:39.6441546-03:00 0HN8U9L8BDLTU:0000000B [INF] Route matched with "{action = \"Hashes\", controller = \"BFA\"}". Executing controller action with signature "System.Threading.Tasks.Task`1[Microsoft.AspNetCore.Mvc.ActionResult`1[BFASenado.DTO.ResponseDTO.GetHashesResponseDTO]] Hashes(BFASenado.DTO.RequestDTO.GetHashesRequestDTO)" on controller "BFASenado.Controllers.BFAController" ("BFASenado"). (122b2fdf)
2024-12-17T00:47:39.8910472-03:00 0HN8U9L8BDLTU:0000000B [INF] LogDTO { Fecha: 12/17/2024 00:47:39, Endpoint: "/api/BFA/Hashes", MetodoHttp: "POST", DatosRecibidos: GetHashesRequestDTO { HashSHA256: "979220c42060993db9c9b4b7872432211960ee2215c98d2d9e11bf31efd333fc", IdTabla: 0, IdOrigen: 1, NombreTabla: "", TipoDocumento: "" }, Mensaje: "Hashes obtenidos correctamente (con filtro)", Detalles: null } (60b9aab8)
2024-12-17T00:47:39.8914176-03:00 0HN8U9L8BDLTU:0000000B [INF] Executing "OkObjectResult", writing value of type '"BFASenado.DTO.ResponseDTO.GetHashesResponseDTO"'. (605b4265)
2024-12-17T00:47:39.8920267-03:00 0HN8U9L8BDLTU:0000000B [INF] Executed action "BFASenado.Controllers.BFAController.Hashes (BFASenado)" in 247.7114ms (afa2e885)
2024-12-17T00:47:39.8920687-03:00 0HN8U9L8BDLTU:0000000B [INF] Executed endpoint '"BFASenado.Controllers.BFAController.Hashes (BFASenado)"' (99874f2b)
2024-12-17T00:47:39.8923596-03:00 0HN8U9L8BDLTU:0000000B [INF] Request finished HTTP/2 POST https://localhost:7070/api/BFA/Hashes application/json-patch+json 163 - 200 2538 application/json;+charset=utf-8 409.2259ms (791a596a)
2024-12-17T00:49:24.7224528-03:00 0HN8U9L8BDLTU:0000000D [INF] Request starting HTTP/2 POST https://localhost:7070/api/BFA/HashBFA application/json-patch+json 86 (ca22a1cb)
2024-12-17T00:49:24.8621896-03:00 0HN8U9L8BDLTU:0000000D [INF] Executing endpoint '"BFASenado.Controllers.BFAController.HashBFA (BFASenado)"' (500cc934)
2024-12-17T00:49:24.8645736-03:00 0HN8U9L8BDLTU:0000000D [INF] Route matched with "{action = \"HashBFA\", controller = \"BFA\"}". Executing controller action with signature "System.Threading.Tasks.Task`1[Microsoft.AspNetCore.Mvc.ActionResult`1[BFASenado.DTO.ResponseDTO.GetHashResponseDTO]] HashBFA(BFASenado.DTO.RequestDTO.HashSHA256RequestDTO)" on controller "BFASenado.Controllers.BFAController" ("BFASenado"). (122b2fdf)
2024-12-17T00:49:24.8988995-03:00 0HN8U9L8BDLTU:0000000D [INF] LogDTO { Fecha: 12/17/2024 00:49:24, Endpoint: "/api/BFA/HashBFA", MetodoHttp: "POST", DatosRecibidos: "979220c42060993db9c9b4b7872432211960ee2215c98d2d9e11bf31efd333fc", Mensaje: "Hash obtenido correctamente", Detalles: null } (60b9aab8)
2024-12-17T00:49:24.8990907-03:00 0HN8U9L8BDLTU:0000000D [INF] Executing "OkObjectResult", writing value of type '"BFASenado.DTO.ResponseDTO.GetHashResponseDTO"'. (605b4265)
2024-12-17T00:49:24.8992040-03:00 0HN8U9L8BDLTU:0000000D [INF] Executed action "BFASenado.Controllers.BFAController.HashBFA (BFASenado)" in 34.5866ms (afa2e885)
2024-12-17T00:49:24.8992303-03:00 0HN8U9L8BDLTU:0000000D [INF] Executed endpoint '"BFASenado.Controllers.BFAController.HashBFA (BFASenado)"' (99874f2b)
2024-12-17T00:49:24.8994847-03:00 0HN8U9L8BDLTU:0000000D [INF] Request finished HTTP/2 POST https://localhost:7070/api/BFA/HashBFA application/json-patch+json 86 - 200 303 application/json;+charset=utf-8 177.0224ms (791a596a)
2024-12-17T00:54:21.8051326-03:00  [INF] Now listening on: "https://localhost:7070" (d826f4b8)
2024-12-17T00:54:21.8106316-03:00  [INF] Now listening on: "http://localhost:5232" (d826f4b8)
2024-12-17T00:54:21.9891960-03:00  [INF] Application started. Press Ctrl+C to shut down. (dcaefe54)
2024-12-17T00:54:21.9923304-03:00  [INF] Hosting environment: "Development" (c3307c92)
2024-12-17T00:54:21.9941331-03:00  [INF] Content root path: "E:\PROYECTOS\BFA-API\" (b5d60022)
2024-12-17T00:54:22.6235606-03:00 0HN8U9PURMKDV:00000001 [INF] Request starting HTTP/2 GET https://localhost:7070/swagger/index.html - - (ca22a1cb)
2024-12-17T00:54:22.8570792-03:00 0HN8U9PURMKDV:00000001 [INF] Request finished HTTP/2 GET https://localhost:7070/swagger/index.html - - - 200 - text/html;charset=utf-8 238.9850ms (791a596a)
2024-12-17T00:54:22.8626697-03:00 0HN8U9PURMKDV:00000003 [INF] Request starting HTTP/2 GET https://localhost:7070/_framework/aspnetcore-browser-refresh.js - - (ca22a1cb)
2024-12-17T00:54:22.8690717-03:00 0HN8U9PURMKDV:00000003 [INF] Request finished HTTP/2 GET https://localhost:7070/_framework/aspnetcore-browser-refresh.js - - - 200 13770 application/javascript;+charset=utf-8 6.4066ms (791a596a)
2024-12-17T00:54:22.8759707-03:00 0HN8U9PURMKDV:00000005 [INF] Request starting HTTP/2 GET https://localhost:7070/_vs/browserLink - - (ca22a1cb)
2024-12-17T00:54:22.9317928-03:00 0HN8U9PURMKDV:00000005 [INF] Request finished HTTP/2 GET https://localhost:7070/_vs/browserLink - - - 200 - text/javascript;+charset=UTF-8 55.8111ms (791a596a)
2024-12-17T00:54:22.9707470-03:00 0HN8U9PURMKDV:00000007 [INF] Request starting HTTP/2 GET https://localhost:7070/swagger/v1/swagger.json - - (ca22a1cb)
2024-12-17T00:54:22.9840395-03:00 0HN8U9PURMKDV:00000007 [INF] Request finished HTTP/2 GET https://localhost:7070/swagger/v1/swagger.json - - - 200 - application/json;charset=utf-8 13.2532ms (791a596a)
2024-12-17T00:55:01.8365823-03:00 0HN8U9PURMKDV:00000009 [INF] Request starting HTTP/2 POST https://localhost:7070/api/BFA/Hashes application/json-patch+json 163 (ca22a1cb)
2024-12-17T00:55:02.0570527-03:00 0HN8U9PURMKDV:00000009 [INF] Executing endpoint '"BFASenado.Controllers.BFAController.Hashes (BFASenado)"' (500cc934)
2024-12-17T00:55:02.0875606-03:00 0HN8U9PURMKDV:00000009 [INF] Route matched with "{action = \"Hashes\", controller = \"BFA\"}". Executing controller action with signature "System.Threading.Tasks.Task`1[Microsoft.AspNetCore.Mvc.ActionResult`1[BFASenado.DTO.ResponseDTO.GetHashesResponseDTO]] Hashes(BFASenado.DTO.RequestDTO.GetHashesRequestDTO)" on controller "BFASenado.Controllers.BFAController" ("BFASenado"). (122b2fdf)
2024-12-17T00:55:02.9094323-03:00 0HN8U9PURMKDV:00000009 [INF] LogDTO { Fecha: 12/17/2024 00:55:02, Endpoint: "/api/BFA/Hashes", MetodoHttp: "POST", DatosRecibidos: GetHashesRequestDTO { HashSHA256: "979220c42060993db9c9b4b7872432211960ee2215c98d2d9e11bf31efd333fc", IdTabla: 0, IdOrigen: 1, NombreTabla: "", TipoDocumento: "" }, Mensaje: "Hashes obtenidos correctamente (con filtro)", Detalles: null } (60b9aab8)
2024-12-17T00:55:02.9208748-03:00 0HN8U9PURMKDV:00000009 [INF] Executing "OkObjectResult", writing value of type '"BFASenado.DTO.ResponseDTO.GetHashesResponseDTO"'. (605b4265)
2024-12-17T00:55:02.9407410-03:00 0HN8U9PURMKDV:00000009 [INF] Executed action "BFASenado.Controllers.BFAController.Hashes (BFASenado)" in 848.9027ms (afa2e885)
2024-12-17T00:55:02.9414009-03:00 0HN8U9PURMKDV:00000009 [INF] Executed endpoint '"BFASenado.Controllers.BFAController.Hashes (BFASenado)"' (99874f2b)
2024-12-17T00:55:02.9479852-03:00 0HN8U9PURMKDV:00000009 [INF] Request finished HTTP/2 POST https://localhost:7070/api/BFA/Hashes application/json-patch+json 163 - 200 2537 application/json;+charset=utf-8 1111.3563ms (791a596a)
2024-12-17T00:55:48.8389147-03:00 0HN8U9PURMKDV:0000000B [INF] Request starting HTTP/2 POST https://localhost:7070/api/BFA/Hashes application/json-patch+json 163 (ca22a1cb)
2024-12-17T00:55:48.9914185-03:00 0HN8U9PURMKDV:0000000B [INF] Executing endpoint '"BFASenado.Controllers.BFAController.Hashes (BFASenado)"' (500cc934)
2024-12-17T00:55:48.9916238-03:00 0HN8U9PURMKDV:0000000B [INF] Route matched with "{action = \"Hashes\", controller = \"BFA\"}". Executing controller action with signature "System.Threading.Tasks.Task`1[Microsoft.AspNetCore.Mvc.ActionResult`1[BFASenado.DTO.ResponseDTO.GetHashesResponseDTO]] Hashes(BFASenado.DTO.RequestDTO.GetHashesRequestDTO)" on controller "BFASenado.Controllers.BFAController" ("BFASenado"). (122b2fdf)
2024-12-17T00:55:49.2348247-03:00 0HN8U9PURMKDV:0000000B [INF] LogDTO { Fecha: 12/17/2024 00:55:49, Endpoint: "/api/BFA/Hashes", MetodoHttp: "POST", DatosRecibidos: GetHashesRequestDTO { HashSHA256: "08d68acd1a743072726cd3cbf7aff469d77f537b7ed58b233f6d8b81e07a2151", IdTabla: 0, IdOrigen: 1, NombreTabla: "", TipoDocumento: "" }, Mensaje: "Hashes obtenidos correctamente (con filtro)", Detalles: null } (60b9aab8)
2024-12-17T00:55:49.2351906-03:00 0HN8U9PURMKDV:0000000B [INF] Executing "OkObjectResult", writing value of type '"BFASenado.DTO.ResponseDTO.GetHashesResponseDTO"'. (605b4265)
2024-12-17T00:55:49.2354296-03:00 0HN8U9PURMKDV:0000000B [INF] Executed action "BFASenado.Controllers.BFAController.Hashes (BFASenado)" in 243.7563ms (afa2e885)
2024-12-17T00:55:49.2354614-03:00 0HN8U9PURMKDV:0000000B [INF] Executed endpoint '"BFASenado.Controllers.BFAController.Hashes (BFASenado)"' (99874f2b)
2024-12-17T00:55:49.2357361-03:00 0HN8U9PURMKDV:0000000B [INF] Request finished HTTP/2 POST https://localhost:7070/api/BFA/Hashes application/json-patch+json 163 - 200 2536 application/json;+charset=utf-8 396.8360ms (791a596a)
2024-12-17T00:56:23.6156258-03:00 0HN8U9PURMKDV:0000000D [INF] Request starting HTTP/2 POST https://localhost:7070/api/BFA/Hashes application/json-patch+json 169 (ca22a1cb)
2024-12-17T00:56:23.7557686-03:00 0HN8U9PURMKDV:0000000D [INF] Executing endpoint '"BFASenado.Controllers.BFAController.Hashes (BFASenado)"' (500cc934)
2024-12-17T00:56:23.7558481-03:00 0HN8U9PURMKDV:0000000D [INF] Route matched with "{action = \"Hashes\", controller = \"BFA\"}". Executing controller action with signature "System.Threading.Tasks.Task`1[Microsoft.AspNetCore.Mvc.ActionResult`1[BFASenado.DTO.ResponseDTO.GetHashesResponseDTO]] Hashes(BFASenado.DTO.RequestDTO.GetHashesRequestDTO)" on controller "BFASenado.Controllers.BFAController" ("BFASenado"). (122b2fdf)
2024-12-17T00:56:23.8436644-03:00 0HN8U9PURMKDV:0000000D [INF] LogDTO { Fecha: 12/17/2024 00:56:23, Endpoint: "/api/BFA/Hashes", MetodoHttp: "POST", DatosRecibidos: GetHashesRequestDTO { HashSHA256: "08d68acd1a743072726cd3cbf7aff469d77f537b7ed58b233f6d8b81e07a2151", IdTabla: 0, IdOrigen: 1, NombreTabla: "Nota 2", TipoDocumento: "" }, Mensaje: "Hashes obtenidos correctamente (con filtro)", Detalles: null } (60b9aab8)
2024-12-17T00:56:23.8438392-03:00 0HN8U9PURMKDV:0000000D [INF] Executing "OkObjectResult", writing value of type '"BFASenado.DTO.ResponseDTO.GetHashesResponseDTO"'. (605b4265)
2024-12-17T00:56:23.8439745-03:00 0HN8U9PURMKDV:0000000D [INF] Executed action "BFASenado.Controllers.BFAController.Hashes (BFASenado)" in 88.0952ms (afa2e885)
2024-12-17T00:56:23.8440230-03:00 0HN8U9PURMKDV:0000000D [INF] Executed endpoint '"BFASenado.Controllers.BFAController.Hashes (BFASenado)"' (99874f2b)
2024-12-17T00:56:23.8443490-03:00 0HN8U9PURMKDV:0000000D [INF] Request finished HTTP/2 POST https://localhost:7070/api/BFA/Hashes application/json-patch+json 169 - 200 705 application/json;+charset=utf-8 228.9224ms (791a596a)
2024-12-17T00:56:50.5573572-03:00 0HN8U9PURMKDV:0000000F [INF] Request starting HTTP/2 GET https://localhost:7070/api/BFA/SaveMasivo - - (ca22a1cb)
2024-12-17T00:56:50.7127871-03:00 0HN8U9PURMKDV:0000000F [INF] Executing endpoint '"BFASenado.Controllers.BFAController.SaveMasivo (BFASenado)"' (500cc934)
2024-12-17T00:56:50.7254576-03:00 0HN8U9PURMKDV:0000000F [INF] Route matched with "{action = \"SaveMasivo\", controller = \"BFA\"}". Executing controller action with signature "System.Threading.Tasks.Task`1[Microsoft.AspNetCore.Mvc.ActionResult`1[System.String]] SaveMasivo()" on controller "BFASenado.Controllers.BFAController" ("BFASenado"). (122b2fdf)
2024-12-17T00:56:52.0406175-03:00 0HN8U9PURMKDV:0000000F [INF] Executed DbCommand ("51"ms) [Parameters=[""], CommandType='Text', CommandTimeout='30']"
""SELECT [t].[Id], [t].[Base64], [t].[Detalles], [t].[FechaAltaBFA], [t].[FechaAltaTabla], [t].[HashBFA], [t].[HashSHA256], [t].[IdOrigen], [t].[IdTabla], [t].[NombreTabla], [t].[SnAltaBFA], [t].[TipoDocumento]
FROM [TransaccionBFA] AS [t]" (0723d8ff)
2024-12-17T00:56:52.1721322-03:00 0HN8U9PURMKDV:0000000F [ERR] LogDTO { Fecha: 12/17/2024 00:56:52, Endpoint: "/api/BFA/SaveMasivo", MetodoHttp: "GET", DatosRecibidos: null, Mensaje: "Guardado masivo de hashes realizado correctamente. Cantidad de impactos: 0", Detalles: null } (60b9aab8)
2024-12-17T00:56:52.1722715-03:00 0HN8U9PURMKDV:0000000F [INF] Executing "OkObjectResult", writing value of type '"System.String"'. (605b4265)
2024-12-17T00:56:52.1724135-03:00 0HN8U9PURMKDV:0000000F [INF] Executed action "BFASenado.Controllers.BFAController.SaveMasivo (BFASenado)" in 1446.8111ms (afa2e885)
2024-12-17T00:56:52.1724451-03:00 0HN8U9PURMKDV:0000000F [INF] Executed endpoint '"BFASenado.Controllers.BFAController.SaveMasivo (BFASenado)"' (99874f2b)
2024-12-17T00:56:52.1852358-03:00 0HN8U9PURMKDV:0000000F [INF] Request finished HTTP/2 GET https://localhost:7070/api/BFA/SaveMasivo - - - 200 - text/plain;+charset=utf-8 1627.9933ms (791a596a)
2024-12-17T00:57:48.2069985-03:00  [INF] Now listening on: "https://localhost:7070" (d826f4b8)
2024-12-17T00:57:48.2124156-03:00  [INF] Now listening on: "http://localhost:5232" (d826f4b8)
2024-12-17T00:57:48.3674493-03:00  [INF] Application started. Press Ctrl+C to shut down. (dcaefe54)
2024-12-17T00:57:48.3704942-03:00  [INF] Hosting environment: "Development" (c3307c92)
2024-12-17T00:57:48.3723025-03:00  [INF] Content root path: "E:\PROYECTOS\BFA-API\" (b5d60022)
2024-12-17T00:57:48.8429381-03:00 0HN8U9RSALMJ6:00000001 [INF] Request starting HTTP/2 GET https://localhost:7070/swagger/index.html - - (ca22a1cb)
2024-12-17T00:57:49.1167207-03:00 0HN8U9RSALMJ6:00000001 [INF] Request finished HTTP/2 GET https://localhost:7070/swagger/index.html - - - 200 - text/html;charset=utf-8 287.2053ms (791a596a)
2024-12-17T00:57:49.1176583-03:00 0HN8U9RSALMJ6:00000003 [INF] Request starting HTTP/2 GET https://localhost:7070/_framework/aspnetcore-browser-refresh.js - - (ca22a1cb)
2024-12-17T00:57:49.1263756-03:00 0HN8U9RSALMJ6:00000003 [INF] Request finished HTTP/2 GET https://localhost:7070/_framework/aspnetcore-browser-refresh.js - - - 200 13770 application/javascript;+charset=utf-8 8.6494ms (791a596a)
2024-12-17T00:57:49.1316178-03:00 0HN8U9RSALMJ6:00000005 [INF] Request starting HTTP/2 GET https://localhost:7070/_vs/browserLink - - (ca22a1cb)
2024-12-17T00:57:49.1974406-03:00 0HN8U9RSALMJ6:00000005 [INF] Request finished HTTP/2 GET https://localhost:7070/_vs/browserLink - - - 200 - text/javascript;+charset=UTF-8 65.8381ms (791a596a)
2024-12-17T00:57:49.2321238-03:00 0HN8U9RSALMJ6:00000007 [INF] Request starting HTTP/2 GET https://localhost:7070/swagger/v1/swagger.json - - (ca22a1cb)
2024-12-17T00:57:49.2432803-03:00 0HN8U9RSALMJ6:00000007 [INF] Request finished HTTP/2 GET https://localhost:7070/swagger/v1/swagger.json - - - 200 - application/json;charset=utf-8 11.1482ms (791a596a)
2024-12-17T00:58:15.1694123-03:00 0HN8U9RSALMJ6:00000009 [INF] Request starting HTTP/2 POST https://localhost:7070/api/BFA/SHA256ByRegistro application/json-patch+json 114 (ca22a1cb)
2024-12-17T00:58:15.4864440-03:00 0HN8U9RSALMJ6:00000009 [INF] Executing endpoint '"BFASenado.Controllers.BFAController.SHA256ByRegistro (BFASenado)"' (500cc934)
2024-12-17T00:58:15.5095777-03:00 0HN8U9RSALMJ6:00000009 [INF] Route matched with "{action = \"SHA256ByRegistro\", controller = \"BFA\"}". Executing controller action with signature "Microsoft.AspNetCore.Mvc.ActionResult`1[BFASenado.DTO.ResponseDTO.GetFileResponseDTO] SHA256ByRegistro(BFASenado.DTO.RequestDTO.RegistroRequestDTO)" on controller "BFASenado.Controllers.BFAController" ("BFASenado"). (122b2fdf)
2024-12-17T00:58:15.8558096-03:00 0HN8U9RSALMJ6:00000009 [INF] Executing "OkObjectResult", writing value of type '"BFASenado.DTO.ResponseDTO.GetFileResponseDTO"'. (605b4265)
2024-12-17T00:58:15.8723874-03:00 0HN8U9RSALMJ6:00000009 [INF] Executed action "BFASenado.Controllers.BFAController.SHA256ByRegistro (BFASenado)" in 357.7176ms (afa2e885)
2024-12-17T00:58:15.8724552-03:00 0HN8U9RSALMJ6:00000009 [INF] Executed endpoint '"BFASenado.Controllers.BFAController.SHA256ByRegistro (BFASenado)"' (99874f2b)
2024-12-17T00:58:15.8822176-03:00 0HN8U9RSALMJ6:00000009 [INF] Request finished HTTP/2 POST https://localhost:7070/api/BFA/SHA256ByRegistro application/json-patch+json 114 - 200 217 application/json;+charset=utf-8 712.7932ms (791a596a)
2024-12-17T00:59:05.4037459-03:00 0HN8U9RSALMJ6:0000000B [INF] Request starting HTTP/2 POST https://localhost:7070/api/BFA/SaveHash application/json-patch+json 338 (ca22a1cb)
2024-12-17T00:59:05.5334499-03:00 0HN8U9RSALMJ6:0000000B [INF] Executing endpoint '"BFASenado.Controllers.BFAController.SaveHash (BFASenado)"' (500cc934)
2024-12-17T00:59:05.5407951-03:00 0HN8U9RSALMJ6:0000000B [INF] Route matched with "{action = \"SaveHash\", controller = \"BFA\"}". Executing controller action with signature "System.Threading.Tasks.Task`1[Microsoft.AspNetCore.Mvc.ActionResult`1[BFASenado.DTO.ResponseDTO.GuardarHashResponseDTO]] SaveHash(BFASenado.DTO.RequestDTO.GuardarHashRequestDTO)" on controller "BFASenado.Controllers.BFAController" ("BFASenado"). (122b2fdf)
2024-12-17T00:59:07.3122681-03:00 0HN8U9RSALMJ6:0000000B [INF] Executed DbCommand ("80"ms) [Parameters=["@__hashSHA256_0='?' (Size = 100)"], CommandType='Text', CommandTimeout='30']"
""SELECT TOP(1) [t].[Id], [t].[Base64], [t].[Detalles], [t].[FechaAltaBFA], [t].[FechaAltaTabla], [t].[HashBFA], [t].[HashSHA256], [t].[IdOrigen], [t].[IdTabla], [t].[NombreTabla], [t].[SnAltaBFA], [t].[TipoDocumento]
FROM [TransaccionBFA] AS [t]
WHERE [t].[HashSHA256] = @__hashSHA256_0" (0723d8ff)
2024-12-17T00:59:07.5558827-03:00 0HN8U9RSALMJ6:0000000B [INF] Executed DbCommand ("6"ms) [Parameters=["@p0='?' (Size = 8000) (DbType = AnsiString), @p1='?' (Size = 100), @p2='?' (DbType = DateTime), @p3='?' (DbType = DateTime), @p4='?' (Size = 100), @p5='?' (Size = 100), @p6='?' (DbType = Int64), @p7='?' (DbType = Int64), @p8='?' (Size = 100), @p9='?' (DbType = Boolean), @p10='?' (Size = 100)"], CommandType='Text', CommandTimeout='30']"
""SET IMPLICIT_TRANSACTIONS OFF;
SET NOCOUNT ON;
INSERT INTO [TransaccionBFA] ([Base64], [Detalles], [FechaAltaBFA], [FechaAltaTabla], [HashBFA], [HashSHA256], [IdOrigen], [IdTabla], [NombreTabla], [SnAltaBFA], [TipoDocumento])
OUTPUT INSERTED.[Id]
VALUES (@p0, @p1, @p2, @p3, @p4, @p5, @p6, @p7, @p8, @p9, @p10);" (0723d8ff)
2024-12-17T00:59:07.7456074-03:00 0HN8U9RSALMJ6:0000000B [ERR] LogDTO { Fecha: 12/17/2024 00:59:07, Endpoint: "/api/BFA/SaveHash", MetodoHttp: "POST", DatosRecibidos: "8d46318ee6f72c73cc571ed60cd973e3f8c8f18173d625699dcf958dca151337", Mensaje: "Error al guardar el hash", Detalles: "algo" } (60b9aab8)
2024-12-17T00:59:07.7490272-03:00 0HN8U9RSALMJ6:0000000B [INF] Executing "OkObjectResult", writing value of type '"BFASenado.DTO.ResponseDTO.GuardarHashResponseDTO"'. (605b4265)
2024-12-17T00:59:07.7517782-03:00 0HN8U9RSALMJ6:0000000B [INF] Executed action "BFASenado.Controllers.BFAController.SaveHash (BFASenado)" in 2210.9192ms (afa2e885)
2024-12-17T00:59:07.7523806-03:00 0HN8U9RSALMJ6:0000000B [INF] Executed endpoint '"BFASenado.Controllers.BFAController.SaveHash (BFASenado)"' (99874f2b)
2024-12-17T00:59:07.7665331-03:00 0HN8U9RSALMJ6:0000000B [INF] Request finished HTTP/2 POST https://localhost:7070/api/BFA/SaveHash application/json-patch+json 338 - 200 94 application/json;+charset=utf-8 2362.7822ms (791a596a)
2024-12-17T00:59:39.6753646-03:00 0HN8U9RSALMJ6:0000000D [INF] Request starting HTTP/2 GET https://localhost:7070/api/BFA/SaveMasivo - - (ca22a1cb)
2024-12-17T00:59:39.8023877-03:00 0HN8U9RSALMJ6:0000000D [INF] Executing endpoint '"BFASenado.Controllers.BFAController.SaveMasivo (BFASenado)"' (500cc934)
2024-12-17T00:59:39.8047827-03:00 0HN8U9RSALMJ6:0000000D [INF] Route matched with "{action = \"SaveMasivo\", controller = \"BFA\"}". Executing controller action with signature "System.Threading.Tasks.Task`1[Microsoft.AspNetCore.Mvc.ActionResult`1[System.String]] SaveMasivo()" on controller "BFASenado.Controllers.BFAController" ("BFASenado"). (122b2fdf)
2024-12-17T00:59:39.8371311-03:00 0HN8U9RSALMJ6:0000000D [INF] Executed DbCommand ("3"ms) [Parameters=[""], CommandType='Text', CommandTimeout='30']"
""SELECT [t].[Id], [t].[Base64], [t].[Detalles], [t].[FechaAltaBFA], [t].[FechaAltaTabla], [t].[HashBFA], [t].[HashSHA256], [t].[IdOrigen], [t].[IdTabla], [t].[NombreTabla], [t].[SnAltaBFA], [t].[TipoDocumento]
FROM [TransaccionBFA] AS [t]" (0723d8ff)
2024-12-17T00:59:40.1505515-03:00 0HN8U9RSALMJ6:0000000D [INF] Executed DbCommand ("5"ms) [Parameters=["@p11='?' (DbType = Int64), @p0='?' (Size = 8000) (DbType = AnsiString), @p1='?' (Size = 100), @p2='?' (DbType = DateTime), @p3='?' (DbType = DateTime), @p4='?' (Size = 100), @p5='?' (Size = 100), @p6='?' (DbType = Int64), @p7='?' (DbType = Int64), @p8='?' (Size = 100), @p9='?' (DbType = Boolean), @p10='?' (Size = 100)"], CommandType='Text', CommandTimeout='30']"
""SET IMPLICIT_TRANSACTIONS OFF;
SET NOCOUNT ON;
UPDATE [TransaccionBFA] SET [Base64] = @p0, [Detalles] = @p1, [FechaAltaBFA] = @p2, [FechaAltaTabla] = @p3, [HashBFA] = @p4, [HashSHA256] = @p5, [IdOrigen] = @p6, [IdTabla] = @p7, [NombreTabla] = @p8, [SnAltaBFA] = @p9, [TipoDocumento] = @p10
OUTPUT 1
WHERE [Id] = @p11;" (0723d8ff)
2024-12-17T00:59:40.1567313-03:00 0HN8U9RSALMJ6:0000000D [ERR] LogDTO { Fecha: 12/17/2024 00:59:40, Endpoint: "/api/BFA/SaveMasivo", MetodoHttp: "GET", DatosRecibidos: null, Mensaje: "Guardado masivo de hashes realizado correctamente. Cantidad de impactos: 1", Detalles: null } (60b9aab8)
2024-12-17T00:59:40.1568759-03:00 0HN8U9RSALMJ6:0000000D [INF] Executing "OkObjectResult", writing value of type '"System.String"'. (605b4265)
2024-12-17T00:59:40.1570057-03:00 0HN8U9RSALMJ6:0000000D [INF] Executed action "BFASenado.Controllers.BFAController.SaveMasivo (BFASenado)" in 352.1737ms (afa2e885)
2024-12-17T00:59:40.1570387-03:00 0HN8U9RSALMJ6:0000000D [INF] Executed endpoint '"BFASenado.Controllers.BFAController.SaveMasivo (BFASenado)"' (99874f2b)
2024-12-17T00:59:40.1572882-03:00 0HN8U9RSALMJ6:0000000D [INF] Request finished HTTP/2 GET https://localhost:7070/api/BFA/SaveMasivo - - - 200 - text/plain;+charset=utf-8 481.9312ms (791a596a)
2024-12-17T01:00:43.0899599-03:00 0HN8U9RSALMJ6:0000000F [INF] Request starting HTTP/2 POST https://localhost:7070/api/BFA/Hashes application/json-patch+json 89 (ca22a1cb)
2024-12-17T01:00:43.2409891-03:00 0HN8U9RSALMJ6:0000000F [INF] Executing endpoint '"BFASenado.Controllers.BFAController.Hashes (BFASenado)"' (500cc934)
2024-12-17T01:00:43.2498085-03:00 0HN8U9RSALMJ6:0000000F [INF] Route matched with "{action = \"Hashes\", controller = \"BFA\"}". Executing controller action with signature "System.Threading.Tasks.Task`1[Microsoft.AspNetCore.Mvc.ActionResult`1[BFASenado.DTO.ResponseDTO.GetHashesResponseDTO]] Hashes(BFASenado.DTO.RequestDTO.GetHashesRequestDTO)" on controller "BFASenado.Controllers.BFAController" ("BFASenado"). (122b2fdf)
2024-12-17T01:00:43.3403191-03:00 0HN8U9RSALMJ6:0000000F [INF] LogDTO { Fecha: 12/17/2024 01:00:43, Endpoint: "/api/BFA/Hashes", MetodoHttp: "POST", DatosRecibidos: GetHashesRequestDTO { HashSHA256: null, IdTabla: 0, IdOrigen: 0, NombreTabla: "algo", TipoDocumento: "algo 2" }, Mensaje: "Hashes obtenidos correctamente (con filtro)", Detalles: null } (60b9aab8)
2024-12-17T01:00:43.3405365-03:00 0HN8U9RSALMJ6:0000000F [INF] Executing "OkObjectResult", writing value of type '"BFASenado.DTO.ResponseDTO.GetHashesResponseDTO"'. (605b4265)
2024-12-17T01:00:43.3448432-03:00 0HN8U9RSALMJ6:0000000F [INF] Executed action "BFASenado.Controllers.BFAController.Hashes (BFASenado)" in 94.8935ms (afa2e885)
2024-12-17T01:00:43.3448850-03:00 0HN8U9RSALMJ6:0000000F [INF] Executed endpoint '"BFASenado.Controllers.BFAController.Hashes (BFASenado)"' (99874f2b)
2024-12-17T01:00:43.3450749-03:00 0HN8U9RSALMJ6:0000000F [INF] Request finished HTTP/2 POST https://localhost:7070/api/BFA/Hashes application/json-patch+json 89 - 200 414 application/json;+charset=utf-8 255.1393ms (791a596a)
2024-12-17T01:00:49.9302075-03:00 0HN8U9RSALMJ6:00000011 [INF] Request starting HTTP/2 POST https://localhost:7070/api/BFA/Hashes application/json-patch+json 90 (ca22a1cb)
2024-12-17T01:00:50.0544362-03:00 0HN8U9RSALMJ6:00000011 [INF] Executing endpoint '"BFASenado.Controllers.BFAController.Hashes (BFASenado)"' (500cc934)
2024-12-17T01:00:50.0545924-03:00 0HN8U9RSALMJ6:00000011 [INF] Route matched with "{action = \"Hashes\", controller = \"BFA\"}". Executing controller action with signature "System.Threading.Tasks.Task`1[Microsoft.AspNetCore.Mvc.ActionResult`1[BFASenado.DTO.ResponseDTO.GetHashesResponseDTO]] Hashes(BFASenado.DTO.RequestDTO.GetHashesRequestDTO)" on controller "BFASenado.Controllers.BFAController" ("BFASenado"). (122b2fdf)
2024-12-17T01:00:50.0984021-03:00 0HN8U9RSALMJ6:00000011 [INF] LogDTO { Fecha: 12/17/2024 01:00:50, Endpoint: "/api/BFA/Hashes", MetodoHttp: "POST", DatosRecibidos: GetHashesRequestDTO { HashSHA256: null, IdTabla: 0, IdOrigen: 0, NombreTabla: "algo", TipoDocumento: "algo 21" }, Mensaje: "Hashes obtenidos correctamente (con filtro)", Detalles: null } (60b9aab8)
2024-12-17T01:00:50.0985843-03:00 0HN8U9RSALMJ6:00000011 [INF] Executing "OkObjectResult", writing value of type '"BFASenado.DTO.ResponseDTO.GetHashesResponseDTO"'. (605b4265)
2024-12-17T01:00:50.0987501-03:00 0HN8U9RSALMJ6:00000011 [INF] Executed action "BFASenado.Controllers.BFAController.Hashes (BFASenado)" in 44.0902ms (afa2e885)
2024-12-17T01:00:50.0987958-03:00 0HN8U9RSALMJ6:00000011 [INF] Executed endpoint '"BFASenado.Controllers.BFAController.Hashes (BFASenado)"' (99874f2b)
2024-12-17T01:00:50.0990713-03:00 0HN8U9RSALMJ6:00000011 [INF] Request finished HTTP/2 POST https://localhost:7070/api/BFA/Hashes application/json-patch+json 90 - 200 107 application/json;+charset=utf-8 168.8476ms (791a596a)
2024-12-17T01:00:54.4601430-03:00 0HN8U9RSALMJ6:00000013 [INF] Request starting HTTP/2 POST https://localhost:7070/api/BFA/Hashes application/json-patch+json 89 (ca22a1cb)
2024-12-17T01:00:54.5954705-03:00 0HN8U9RSALMJ6:00000013 [INF] Executing endpoint '"BFASenado.Controllers.BFAController.Hashes (BFASenado)"' (500cc934)
2024-12-17T01:00:54.5955700-03:00 0HN8U9RSALMJ6:00000013 [INF] Route matched with "{action = \"Hashes\", controller = \"BFA\"}". Executing controller action with signature "System.Threading.Tasks.Task`1[Microsoft.AspNetCore.Mvc.ActionResult`1[BFASenado.DTO.ResponseDTO.GetHashesResponseDTO]] Hashes(BFASenado.DTO.RequestDTO.GetHashesRequestDTO)" on controller "BFASenado.Controllers.BFAController" ("BFASenado"). (122b2fdf)
2024-12-17T01:00:54.6568110-03:00 0HN8U9RSALMJ6:00000013 [INF] LogDTO { Fecha: 12/17/2024 01:00:54, Endpoint: "/api/BFA/Hashes", MetodoHttp: "POST", DatosRecibidos: GetHashesRequestDTO { HashSHA256: null, IdTabla: 0, IdOrigen: 0, NombreTabla: "algo", TipoDocumento: "algo 2" }, Mensaje: "Hashes obtenidos correctamente (con filtro)", Detalles: null } (60b9aab8)
2024-12-17T01:00:54.6569946-03:00 0HN8U9RSALMJ6:00000013 [INF] Executing "OkObjectResult", writing value of type '"BFASenado.DTO.ResponseDTO.GetHashesResponseDTO"'. (605b4265)
2024-12-17T01:00:54.6571497-03:00 0HN8U9RSALMJ6:00000013 [INF] Executed action "BFASenado.Controllers.BFAController.Hashes (BFASenado)" in 61.4988ms (afa2e885)
2024-12-17T01:00:54.6571984-03:00 0HN8U9RSALMJ6:00000013 [INF] Executed endpoint '"BFASenado.Controllers.BFAController.Hashes (BFASenado)"' (99874f2b)
2024-12-17T01:00:54.6574770-03:00 0HN8U9RSALMJ6:00000013 [INF] Request finished HTTP/2 POST https://localhost:7070/api/BFA/Hashes application/json-patch+json 89 - 200 414 application/json;+charset=utf-8 197.3299ms (791a596a)
2024-12-17T01:01:04.6772939-03:00 0HN8U9RSALMJ6:00000015 [INF] Request starting HTTP/2 POST https://localhost:7070/api/BFA/Hashes application/json-patch+json 90 (ca22a1cb)
2024-12-17T01:01:04.8061764-03:00 0HN8U9RSALMJ6:00000015 [INF] Executing endpoint '"BFASenado.Controllers.BFAController.Hashes (BFASenado)"' (500cc934)
2024-12-17T01:01:04.8062875-03:00 0HN8U9RSALMJ6:00000015 [INF] Route matched with "{action = \"Hashes\", controller = \"BFA\"}". Executing controller action with signature "System.Threading.Tasks.Task`1[Microsoft.AspNetCore.Mvc.ActionResult`1[BFASenado.DTO.ResponseDTO.GetHashesResponseDTO]] Hashes(BFASenado.DTO.RequestDTO.GetHashesRequestDTO)" on controller "BFASenado.Controllers.BFAController" ("BFASenado"). (122b2fdf)
2024-12-17T01:01:04.9188764-03:00 0HN8U9RSALMJ6:00000015 [INF] LogDTO { Fecha: 12/17/2024 01:01:04, Endpoint: "/api/BFA/Hashes", MetodoHttp: "POST", DatosRecibidos: GetHashesRequestDTO { HashSHA256: null, IdTabla: 12, IdOrigen: 1, NombreTabla: "algo", TipoDocumento: "algo 2" }, Mensaje: "Hashes obtenidos correctamente (con filtro)", Detalles: null } (60b9aab8)
2024-12-17T01:01:04.9190431-03:00 0HN8U9RSALMJ6:00000015 [INF] Executing "OkObjectResult", writing value of type '"BFASenado.DTO.ResponseDTO.GetHashesResponseDTO"'. (605b4265)
2024-12-17T01:01:04.9191776-03:00 0HN8U9RSALMJ6:00000015 [INF] Executed action "BFASenado.Controllers.BFAController.Hashes (BFASenado)" in 112.8427ms (afa2e885)
2024-12-17T01:01:04.9192075-03:00 0HN8U9RSALMJ6:00000015 [INF] Executed endpoint '"BFASenado.Controllers.BFAController.Hashes (BFASenado)"' (99874f2b)
2024-12-17T01:01:04.9194578-03:00 0HN8U9RSALMJ6:00000015 [INF] Request finished HTTP/2 POST https://localhost:7070/api/BFA/Hashes application/json-patch+json 90 - 200 414 application/json;+charset=utf-8 242.1575ms (791a596a)
2024-12-17T01:01:10.9511263-03:00 0HN8U9RSALMJ6:00000017 [INF] Request starting HTTP/2 POST https://localhost:7070/api/BFA/Hashes application/json-patch+json 91 (ca22a1cb)
2024-12-17T01:01:11.0847389-03:00 0HN8U9RSALMJ6:00000017 [INF] Executing endpoint '"BFASenado.Controllers.BFAController.Hashes (BFASenado)"' (500cc934)
2024-12-17T01:01:11.0848695-03:00 0HN8U9RSALMJ6:00000017 [INF] Route matched with "{action = \"Hashes\", controller = \"BFA\"}". Executing controller action with signature "System.Threading.Tasks.Task`1[Microsoft.AspNetCore.Mvc.ActionResult`1[BFASenado.DTO.ResponseDTO.GetHashesResponseDTO]] Hashes(BFASenado.DTO.RequestDTO.GetHashesRequestDTO)" on controller "BFASenado.Controllers.BFAController" ("BFASenado"). (122b2fdf)
2024-12-17T01:01:11.1406705-03:00 0HN8U9RSALMJ6:00000017 [INF] LogDTO { Fecha: 12/17/2024 01:01:11, Endpoint: "/api/BFA/Hashes", MetodoHttp: "POST", DatosRecibidos: GetHashesRequestDTO { HashSHA256: null, IdTabla: 12, IdOrigen: 11, NombreTabla: "algo", TipoDocumento: "algo 2" }, Mensaje: "Hashes obtenidos correctamente (con filtro)", Detalles: null } (60b9aab8)
2024-12-17T01:01:11.1408014-03:00 0HN8U9RSALMJ6:00000017 [INF] Executing "OkObjectResult", writing value of type '"BFASenado.DTO.ResponseDTO.GetHashesResponseDTO"'. (605b4265)
2024-12-17T01:01:11.1409351-03:00 0HN8U9RSALMJ6:00000017 [INF] Executed action "BFASenado.Controllers.BFAController.Hashes (BFASenado)" in 55.9995ms (afa2e885)
2024-12-17T01:01:11.1409852-03:00 0HN8U9RSALMJ6:00000017 [INF] Executed endpoint '"BFASenado.Controllers.BFAController.Hashes (BFASenado)"' (99874f2b)
2024-12-17T01:01:11.1413349-03:00 0HN8U9RSALMJ6:00000017 [INF] Request finished HTTP/2 POST https://localhost:7070/api/BFA/Hashes application/json-patch+json 91 - 200 107 application/json;+charset=utf-8 190.1936ms (791a596a)
2024-12-17T01:06:28.1412452-03:00 0HN8U9RSALMJ6:00000019 [INF] Request starting HTTP/2 POST https://localhost:7070/api/BFA/ArchivoData multipart/form-data;+boundary=----WebKitFormBoundaryF6o7MoDz5aPC0vfW 801 (ca22a1cb)
2024-12-17T01:06:28.2768935-03:00 0HN8U9RSALMJ6:00000019 [INF] Executing endpoint '"BFASenado.Controllers.BFAController.ArchivoData (BFASenado)"' (500cc934)
2024-12-17T01:06:28.2800084-03:00 0HN8U9RSALMJ6:00000019 [INF] Route matched with "{action = \"ArchivoData\", controller = \"BFA\"}". Executing controller action with signature "System.Threading.Tasks.Task`1[Microsoft.AspNetCore.Mvc.ActionResult`1[BFASenado.DTO.ResponseDTO.GetFileResponseDTO]] ArchivoData(Microsoft.AspNetCore.Http.IFormFile)" on controller "BFASenado.Controllers.BFAController" ("BFASenado"). (122b2fdf)
2024-12-17T01:06:28.3062623-03:00 0HN8U9RSALMJ6:00000019 [INF] LogDTO { Fecha: 12/17/2024 01:06:28, Endpoint: "/api/BFA/ArchivoData", MetodoHttp: "POST", DatosRecibidos: { FileName: "Paquetes Necesarios.txt", Length: 604 }, Mensaje: "Propiedades de archivo obtenidas correctamente", Detalles: null } (60b9aab8)
2024-12-17T01:06:28.3064449-03:00 0HN8U9RSALMJ6:00000019 [INF] Executing "OkObjectResult", writing value of type '"BFASenado.DTO.ResponseDTO.GetFileResponseDTO"'. (605b4265)
2024-12-17T01:06:28.3066955-03:00 0HN8U9RSALMJ6:00000019 [INF] Executed action "BFASenado.Controllers.BFAController.ArchivoData (BFASenado)" in 26.6287ms (afa2e885)
2024-12-17T01:06:28.3067384-03:00 0HN8U9RSALMJ6:00000019 [INF] Executed endpoint '"BFASenado.Controllers.BFAController.ArchivoData (BFASenado)"' (99874f2b)
2024-12-17T01:06:28.3070428-03:00 0HN8U9RSALMJ6:00000019 [INF] Request finished HTTP/2 POST https://localhost:7070/api/BFA/ArchivoData multipart/form-data;+boundary=----WebKitFormBoundaryF6o7MoDz5aPC0vfW 801 - 200 901 application/json;+charset=utf-8 168.9294ms (791a596a)
2024-12-17T01:07:45.2539748-03:00  [INF] Now listening on: "https://localhost:7070" (d826f4b8)
2024-12-17T01:07:45.2596301-03:00  [INF] Now listening on: "http://localhost:5232" (d826f4b8)
2024-12-17T01:07:45.4409115-03:00  [INF] Application started. Press Ctrl+C to shut down. (dcaefe54)
2024-12-17T01:07:45.4438377-03:00  [INF] Hosting environment: "Development" (c3307c92)
2024-12-17T01:07:45.4457505-03:00  [INF] Content root path: "E:\PROYECTOS\BFA-API\" (b5d60022)
2024-12-17T01:07:45.9689276-03:00 0HN8UA1E9LM0H:00000001 [INF] Request starting HTTP/2 GET https://localhost:7070/swagger/index.html - - (ca22a1cb)
2024-12-17T01:07:46.2137596-03:00 0HN8UA1E9LM0H:00000001 [INF] Request finished HTTP/2 GET https://localhost:7070/swagger/index.html - - - 200 - text/html;charset=utf-8 248.4581ms (791a596a)
2024-12-17T01:07:46.2149706-03:00 0HN8UA1E9LM0H:00000003 [INF] Request starting HTTP/2 GET https://localhost:7070/_framework/aspnetcore-browser-refresh.js - - (ca22a1cb)
2024-12-17T01:07:46.2258499-03:00 0HN8UA1E9LM0H:00000003 [INF] Request finished HTTP/2 GET https://localhost:7070/_framework/aspnetcore-browser-refresh.js - - - 200 13770 application/javascript;+charset=utf-8 10.8598ms (791a596a)
2024-12-17T01:07:46.2330555-03:00 0HN8UA1E9LM0H:00000005 [INF] Request starting HTTP/2 GET https://localhost:7070/_vs/browserLink - - (ca22a1cb)
2024-12-17T01:07:46.3009299-03:00 0HN8UA1E9LM0H:00000005 [INF] Request finished HTTP/2 GET https://localhost:7070/_vs/browserLink - - - 200 - text/javascript;+charset=UTF-8 67.8487ms (791a596a)
2024-12-17T01:07:46.3364588-03:00 0HN8UA1E9LM0H:00000007 [INF] Request starting HTTP/2 GET https://localhost:7070/swagger/v1/swagger.json - - (ca22a1cb)
2024-12-17T01:07:46.3485206-03:00 0HN8UA1E9LM0H:00000007 [INF] Request finished HTTP/2 GET https://localhost:7070/swagger/v1/swagger.json - - - 200 - application/json;charset=utf-8 11.7254ms (791a596a)
2024-12-17T01:08:34.5156207-03:00 0HN8UA1E9LM0H:00000009 [INF] Request starting HTTP/2 POST https://localhost:7070/api/BFA/SaveHash application/json-patch+json 1019 (ca22a1cb)
2024-12-17T01:08:34.7692470-03:00 0HN8UA1E9LM0H:00000009 [INF] Executing endpoint '"BFASenado.Controllers.BFAController.SaveHash (BFASenado)"' (500cc934)
2024-12-17T01:08:34.7984610-03:00 0HN8UA1E9LM0H:00000009 [INF] Route matched with "{action = \"SaveHash\", controller = \"BFA\"}". Executing controller action with signature "System.Threading.Tasks.Task`1[Microsoft.AspNetCore.Mvc.ActionResult`1[BFASenado.DTO.ResponseDTO.GuardarHashResponseDTO]] SaveHash(BFASenado.DTO.RequestDTO.GuardarHashRequestDTO)" on controller "BFASenado.Controllers.BFAController" ("BFASenado"). (122b2fdf)
2024-12-17T01:08:38.1780587-03:00 0HN8UA1E9LM0H:00000009 [INF] Executed DbCommand ("115"ms) [Parameters=["@__hashSHA256_0='?' (Size = 100)"], CommandType='Text', CommandTimeout='30']"
""SELECT TOP(1) [t].[Id], [t].[Base64], [t].[Detalles], [t].[FechaAltaBFA], [t].[FechaAltaTabla], [t].[HashBFA], [t].[HashSHA256], [t].[IdOrigen], [t].[IdTabla], [t].[NombreTabla], [t].[SnAltaBFA], [t].[TipoDocumento]
FROM [TransaccionBFA] AS [t]
WHERE [t].[HashSHA256] = @__hashSHA256_0" (0723d8ff)
2024-12-17T01:08:38.4460708-03:00 0HN8UA1E9LM0H:00000009 [INF] Executed DbCommand ("7"ms) [Parameters=["@p0='?' (Size = 8000) (DbType = AnsiString), @p1='?' (Size = 100), @p2='?' (DbType = DateTime), @p3='?' (DbType = DateTime), @p4='?' (Size = 100), @p5='?' (Size = 100), @p6='?' (DbType = Int64), @p7='?' (DbType = Int64), @p8='?' (Size = 100), @p9='?' (DbType = Boolean), @p10='?' (Size = 100)"], CommandType='Text', CommandTimeout='30']"
""SET IMPLICIT_TRANSACTIONS OFF;
SET NOCOUNT ON;
INSERT INTO [TransaccionBFA] ([Base64], [Detalles], [FechaAltaBFA], [FechaAltaTabla], [HashBFA], [HashSHA256], [IdOrigen], [IdTabla], [NombreTabla], [SnAltaBFA], [TipoDocumento])
OUTPUT INSERTED.[Id]
VALUES (@p0, @p1, @p2, @p3, @p4, @p5, @p6, @p7, @p8, @p9, @p10);" (0723d8ff)
2024-12-17T01:08:38.8033414-03:00 0HN8UA1E9LM0H:00000009 [INF] LogDTO { Fecha: 12/17/2024 01:08:38, Endpoint: "/api/BFA/SaveHash", MetodoHttp: "POST", DatosRecibidos: "c2ac5e8f8e99b69221f731566dc76e15554df63f52a3074489a00f401856050a", Mensaje: "Transacción guardada en la BFA correctamente", Detalles: null } (60b9aab8)
2024-12-17T01:08:38.8105251-03:00 0HN8UA1E9LM0H:00000009 [INF] Executed DbCommand ("1"ms) [Parameters=["@__hashSHA256_0='?' (Size = 100)"], CommandType='Text', CommandTimeout='30']"
""SELECT TOP(1) [t].[Id], [t].[Base64], [t].[Detalles], [t].[FechaAltaBFA], [t].[FechaAltaTabla], [t].[HashBFA], [t].[HashSHA256], [t].[IdOrigen], [t].[IdTabla], [t].[NombreTabla], [t].[SnAltaBFA], [t].[TipoDocumento]
FROM [TransaccionBFA] AS [t]
WHERE [t].[HashSHA256] = @__hashSHA256_0" (0723d8ff)
2024-12-17T01:08:38.8406983-03:00 0HN8UA1E9LM0H:00000009 [INF] Executed DbCommand ("4"ms) [Parameters=["@p11='?' (DbType = Int64), @p0='?' (Size = 8000) (DbType = AnsiString), @p1='?' (Size = 100), @p2='?' (DbType = DateTime), @p3='?' (DbType = DateTime), @p4='?' (Size = 100), @p5='?' (Size = 100), @p6='?' (DbType = Int64), @p7='?' (DbType = Int64), @p8='?' (Size = 100), @p9='?' (DbType = Boolean), @p10='?' (Size = 100)"], CommandType='Text', CommandTimeout='30']"
""SET IMPLICIT_TRANSACTIONS OFF;
SET NOCOUNT ON;
UPDATE [TransaccionBFA] SET [Base64] = @p0, [Detalles] = @p1, [FechaAltaBFA] = @p2, [FechaAltaTabla] = @p3, [HashBFA] = @p4, [HashSHA256] = @p5, [IdOrigen] = @p6, [IdTabla] = @p7, [NombreTabla] = @p8, [SnAltaBFA] = @p9, [TipoDocumento] = @p10
OUTPUT 1
WHERE [Id] = @p11;" (0723d8ff)
2024-12-17T01:08:38.8563281-03:00 0HN8UA1E9LM0H:00000009 [INF] Executing "OkObjectResult", writing value of type '"BFASenado.DTO.ResponseDTO.GuardarHashResponseDTO"'. (605b4265)
2024-12-17T01:08:38.8771035-03:00 0HN8UA1E9LM0H:00000009 [INF] Executed action "BFASenado.Controllers.BFAController.SaveHash (BFASenado)" in 4074.0313ms (afa2e885)
2024-12-17T01:08:38.8778419-03:00 0HN8UA1E9LM0H:00000009 [INF] Executed endpoint '"BFASenado.Controllers.BFAController.SaveHash (BFASenado)"' (99874f2b)
2024-12-17T01:08:38.8979678-03:00 0HN8UA1E9LM0H:00000009 [INF] Request finished HTTP/2 POST https://localhost:7070/api/BFA/SaveHash application/json-patch+json 1019 - 200 393 application/json;+charset=utf-8 4382.3139ms (791a596a)
2024-12-17T01:09:00.9099770-03:00 0HN8UA1E9LM0H:0000000B [INF] Request starting HTTP/2 POST https://localhost:7070/api/BFA/Hashes application/json-patch+json 175 (ca22a1cb)
2024-12-17T01:09:01.0548730-03:00 0HN8UA1E9LM0H:0000000B [INF] Executing endpoint '"BFASenado.Controllers.BFAController.Hashes (BFASenado)"' (500cc934)
2024-12-17T01:09:01.0571740-03:00 0HN8UA1E9LM0H:0000000B [INF] Route matched with "{action = \"Hashes\", controller = \"BFA\"}". Executing controller action with signature "System.Threading.Tasks.Task`1[Microsoft.AspNetCore.Mvc.ActionResult`1[BFASenado.DTO.ResponseDTO.GetHashesResponseDTO]] Hashes(BFASenado.DTO.RequestDTO.GetHashesRequestDTO)" on controller "BFASenado.Controllers.BFAController" ("BFASenado"). (122b2fdf)
2024-12-17T01:09:01.0622651-03:00 0HN8UA1E9LM0H:0000000B [INF] Executing "BadRequestObjectResult", writing value of type '"Microsoft.AspNetCore.Mvc.ValidationProblemDetails"'. (605b4265)
2024-12-17T01:09:01.0794423-03:00 0HN8UA1E9LM0H:0000000B [INF] Executed action "BFASenado.Controllers.BFAController.Hashes (BFASenado)" in 22.1874ms (afa2e885)
2024-12-17T01:09:01.0794867-03:00 0HN8UA1E9LM0H:0000000B [INF] Executed endpoint '"BFASenado.Controllers.BFAController.Hashes (BFASenado)"' (99874f2b)
2024-12-17T01:09:01.1107358-03:00 0HN8UA1E9LM0H:0000000B [INF] Request finished HTTP/2 POST https://localhost:7070/api/BFA/Hashes application/json-patch+json 175 - 400 244 application/problem+json;+charset=utf-8 200.7546ms (791a596a)
2024-12-17T01:09:09.8210174-03:00 0HN8UA1E9LM0H:0000000D [INF] Request starting HTTP/2 POST https://localhost:7070/api/BFA/Hashes application/json-patch+json 91 (ca22a1cb)
2024-12-17T01:09:09.9483483-03:00 0HN8UA1E9LM0H:0000000D [INF] Executing endpoint '"BFASenado.Controllers.BFAController.Hashes (BFASenado)"' (500cc934)
2024-12-17T01:09:09.9492185-03:00 0HN8UA1E9LM0H:0000000D [INF] Route matched with "{action = \"Hashes\", controller = \"BFA\"}". Executing controller action with signature "System.Threading.Tasks.Task`1[Microsoft.AspNetCore.Mvc.ActionResult`1[BFASenado.DTO.ResponseDTO.GetHashesResponseDTO]] Hashes(BFASenado.DTO.RequestDTO.GetHashesRequestDTO)" on controller "BFASenado.Controllers.BFAController" ("BFASenado"). (122b2fdf)
2024-12-17T01:09:10.0522207-03:00 0HN8UA1E9LM0H:0000000D [INF] LogDTO { Fecha: 12/17/2024 01:09:10, Endpoint: "/api/BFA/Hashes", MetodoHttp: "POST", DatosRecibidos: GetHashesRequestDTO { HashSHA256: null, IdTabla: 0, IdOrigen: 0, NombreTabla: "string", TipoDocumento: "string" }, Mensaje: "Hashes obtenidos correctamente (con filtro)", Detalles: null } (60b9aab8)
2024-12-17T01:09:10.0525248-03:00 0HN8UA1E9LM0H:0000000D [INF] Executing "OkObjectResult", writing value of type '"BFASenado.DTO.ResponseDTO.GetHashesResponseDTO"'. (605b4265)
2024-12-17T01:09:10.0543995-03:00 0HN8UA1E9LM0H:0000000D [INF] Executed action "BFASenado.Controllers.BFAController.Hashes (BFASenado)" in 104.7045ms (afa2e885)
2024-12-17T01:09:10.0544446-03:00 0HN8UA1E9LM0H:0000000D [INF] Executed endpoint '"BFASenado.Controllers.BFAController.Hashes (BFASenado)"' (99874f2b)
2024-12-17T01:09:10.0546419-03:00 0HN8UA1E9LM0H:0000000D [INF] Request finished HTTP/2 POST https://localhost:7070/api/BFA/Hashes application/json-patch+json 91 - 200 107 application/json;+charset=utf-8 233.6600ms (791a596a)
2024-12-17T01:09:21.8550888-03:00 0HN8UA1E9LM0H:0000000F [INF] Request starting HTTP/2 POST https://localhost:7070/api/BFA/Hashes application/json-patch+json 87 (ca22a1cb)
2024-12-17T01:09:21.9945460-03:00 0HN8UA1E9LM0H:0000000F [INF] Executing endpoint '"BFASenado.Controllers.BFAController.Hashes (BFASenado)"' (500cc934)
2024-12-17T01:09:21.9946576-03:00 0HN8UA1E9LM0H:0000000F [INF] Route matched with "{action = \"Hashes\", controller = \"BFA\"}". Executing controller action with signature "System.Threading.Tasks.Task`1[Microsoft.AspNetCore.Mvc.ActionResult`1[BFASenado.DTO.ResponseDTO.GetHashesResponseDTO]] Hashes(BFASenado.DTO.RequestDTO.GetHashesRequestDTO)" on controller "BFASenado.Controllers.BFAController" ("BFASenado"). (122b2fdf)
2024-12-17T01:09:22.0893150-03:00 0HN8UA1E9LM0H:0000000F [INF] LogDTO { Fecha: 12/17/2024 01:09:22, Endpoint: "/api/BFA/Hashes", MetodoHttp: "POST", DatosRecibidos: GetHashesRequestDTO { HashSHA256: null, IdTabla: 0, IdOrigen: 0, NombreTabla: "memo", TipoDocumento: "memo" }, Mensaje: "Hashes obtenidos correctamente (con filtro)", Detalles: null } (60b9aab8)
2024-12-17T01:09:22.0894814-03:00 0HN8UA1E9LM0H:0000000F [INF] Executing "OkObjectResult", writing value of type '"BFASenado.DTO.ResponseDTO.GetHashesResponseDTO"'. (605b4265)
2024-12-17T01:09:22.0896803-03:00 0HN8UA1E9LM0H:0000000F [INF] Executed action "BFASenado.Controllers.BFAController.Hashes (BFASenado)" in 94.9735ms (afa2e885)
2024-12-17T01:09:22.0897255-03:00 0HN8UA1E9LM0H:0000000F [INF] Executed endpoint '"BFASenado.Controllers.BFAController.Hashes (BFASenado)"' (99874f2b)
2024-12-17T01:09:22.0899894-03:00 0HN8UA1E9LM0H:0000000F [INF] Request finished HTTP/2 POST https://localhost:7070/api/BFA/Hashes application/json-patch+json 87 - 200 412 application/json;+charset=utf-8 235.0458ms (791a596a)
